#
# A fatal error has been detected by the Java Runtime Environment:
#
#  EXCEPTION_ACCESS_VIOLATION (0xc0000005) at pc=0x0000016e33abb280, pid=15128, tid=14552
#
# JRE version: OpenJDK Runtime Environment (17.0.10) (build 17.0.10+0--11572160)
# Java VM: OpenJDK 64-Bit Server VM (17.0.10+0--11572160, mixed mode, tiered, compressed oops, compressed class ptrs, g1 gc, windows-amd64)
# Problematic frame:
# j  org.gradle.internal.instantiation.generator.ManagedObjectFactory.cachedOwnerDisplayNameOf(Lorg/gradle/internal/state/ModelObject;)Lorg/gradle/internal/serialization/Cached;+1
#
# No core dump will be written. Minidumps are not enabled by default on client versions of Windows
#
# If you would like to submit a bug report, please visit:
#   https://bugreport.java.com/bugreport/crash.jsp
#

---------------  S U M M A R Y ------------

Command Line: --add-opens=java.base/java.util=ALL-UNNAMED --add-opens=java.base/java.lang=ALL-UNNAMED --add-opens=java.base/java.lang.invoke=ALL-UNNAMED --add-opens=java.prefs/java.util.prefs=ALL-UNNAMED --add-opens=java.base/java.nio.charset=ALL-UNNAMED --add-opens=java.base/java.net=ALL-UNNAMED --add-opens=java.base/java.util.concurrent.atomic=ALL-UNNAMED -Xmx2048m -Dfile.encoding=UTF-8 -Duser.country=MX -Duser.language=es -Duser.variant -javaagent:C:\Users\Daniel\.gradle\wrapper\dists\gradle-8.6-bin\afr5mpiioh2wthjmwnkmdsd5w\gradle-8.6\lib\agents\gradle-instrumentation-agent-8.6.jar org.gradle.launcher.daemon.bootstrap.GradleDaemon 8.6

Host: AMD Ryzen 7 5800X 8-Core Processor             , 16 cores, 31G,  Windows 11 , 64 bit Build 22621 (10.0.22621.3672)
Time: Wed Jun 12 13:21:00 2024 Hora estándar central (México) elapsed time: 1.379713 seconds (0d 0h 0m 1s)

---------------  T H R E A D  ---------------

Current thread (0x0000016e4a7e7260):  JavaThread "Daemon worker" [_thread_in_Java, id=14552, stack(0x0000000c35c00000,0x0000000c35d00000)]

Stack: [0x0000000c35c00000,0x0000000c35d00000],  sp=0x0000000c35cfc140,  free space=1008k
Native frames: (J=compiled Java code, j=interpreted, Vv=VM code, C=native code)
C  0x0000016e33abb280

The last pc belongs to invokedynamic (printed below).

siginfo: EXCEPTION_ACCESS_VIOLATION (0xc0000005), reading address 0xffffffffffffffff


Registers:
RAX=0x0000000083a4bb40, RBX=0x0000800000000006, RCX=0x0000016e46349ea8, RDX=0x0000000083400002
RSP=0x0000000c35cfc140, RBP=0x0000000c35cfc198, RSI=0x00000001000051d8, RDI=0x0000016e45728eb0
R8 =0x0000000c35cfbeb8, R9 =0x0000000000000000, R10=0x0000000000000000, R11=0x0000000000000246
R12=0x0000000000000000, R13=0x0000016e462a75e1, R14=0x0000000c35cfc1a8, R15=0x0000016e4a7e7260
RIP=0x0000016e33abb280, EFLAGS=0x0000000000010206


Register to memory mapping:

RIP=0x0000016e33abb280 is at code_begin+320 in an Interpreter codelet
invokedynamic  186 invokedynamic  [0x0000016e33abb140, 0x0000016e33abb400]  704 bytes
RAX=0x0000000083a4bb40 is an oop: [Ljava.lang.Object; 
{0x0000000083a4bb40} - klass: 'java/lang/Object'[]
 - length: 7
RBX=0x0000800000000006 is an unknown value
RCX=0x0000016e46349ea8 is pointing into metadata
RDX=0x0000000083400002 points into unknown readable memory: 00 00 00 00 00 00
RSP=0x0000000c35cfc140 is pointing into the stack for thread: 0x0000016e4a7e7260
RBP=0x0000000c35cfc198 is pointing into the stack for thread: 0x0000016e4a7e7260
RSI=0x00000001000051d8 is a pointer to class: 
java.lang.ThreadLocal$ThreadLocalMap$Entry {0x00000001000051e0}
 - instance size:     4
 - klass size:        78
 - access:            synchronized 
 - state:             fully_initialized
 - name:              'java/lang/ThreadLocal$ThreadLocalMap$Entry'
 - super:             'java/lang/ref/WeakReference'
 - sub:               
 - arrays:            'java/lang/ThreadLocal$ThreadLocalMap$Entry'[]
 - methods:           Array<T>(0x0000016e4559efa0)
 - method ordering:   Array<T>(0x0000016e45000018)
 - default_methods:   Array<T>(0x0000000000000000)
 - local interfaces:  Array<T>(0x0000016e45000058)
 - trans. interfaces: Array<T>(0x0000016e45000058)
 - constants:         constant pool [37] {0x0000016e4559edf8} for 'java/lang/ThreadLocal$ThreadLocalMap$Entry' cache=0x0000016e4559f0a8
 - class loader data:  loader data: 0x0000016e43af4260 of 'bootstrap'
 - source file:       'ThreadLocal.java'
 - class annotations:       Array<T>(0x0000000000000000)
 - class type annotations:  Array<T>(0x0000000000000000)
 - field annotations:       Array<T>(0x0000000000000000)
 - field type annotations:  Array<T>(0x0000000000000000)
 - generic signature: 'Ljava/lang/ref/WeakReference<Ljava/lang/ThreadLocal<*>;>;'
 - inner classes:     Array<T>(0x0000016e4559f088)
 - nest members:     Array<T>(0x0000016e45000028)
 - permitted subclasses:     Array<T>(0x0000016e45000028)
 - java mirror:       a 'java/lang/Class'{0x00000000805d2240} = 'java/lang/ThreadLocal$ThreadLocalMap$Entry'
 - vtable length      12  (start addr: 0x00000001000053c8)
 - itable length      2 (start addr: 0x0000000100005428)
 - ---- static fields (0 words):
 - ---- non-static fields (5 words):
 - private 'referent' 'Ljava/lang/Object;' @12 
 - volatile 'queue' 'Ljava/lang/ref/ReferenceQueue;' @16 
 - volatile 'next' 'Ljava/lang/ref/Reference;' @20 
 - private transient 'discovered' 'Ljava/lang/ref/Reference;' @24 
 - 'value' 'Ljava/lang/Object;' @28 
 - non-static oop maps: 16-20 28-28 
RDI=0x0000016e45728eb0 is pointing into metadata
R8 =0x0000000c35cfbeb8 is pointing into the stack for thread: 0x0000016e4a7e7260
R9 =0x0 is NULL
R10=0x0 is NULL
R11=0x0000000000000246 is an unknown value
R12=0x0 is NULL
R13=0x0000016e462a75e1 is pointing into metadata
R14=0x0000000c35cfc1a8 is pointing into the stack for thread: 0x0000016e4a7e7260
R15=0x0000016e4a7e7260 is a thread


Top of Stack: (sp=0x0000000c35cfc140)
0x0000000c35cfc140:   0000016e453a4c08 0000000083bc1cd8
0x0000000c35cfc150:   0000000c35cfc150 0000016e462a75e1
0x0000000c35cfc160:   0000000c35cfc1a8 0000016e46349ea8
0x0000000c35cfc170:   0000000000000000 000000009cbf1890
0x0000000c35cfc180:   0000016e462a7608 0000000000000000
0x0000000c35cfc190:   0000000c35cfc1a8 0000000c35cfc208
0x0000000c35cfc1a0:   0000016e33aa9645 0000000083bc1cd8
0x0000000c35cfc1b0:   0000000083a50f48 0000000083a50f48
0x0000000c35cfc1c0:   0000000c35cfc1c0 0000016e462a74f1
0x0000000c35cfc1d0:   0000000c35cfc228 0000016e46349ea8
0x0000000c35cfc1e0:   0000000000000000 000000009cbf1890
0x0000000c35cfc1f0:   0000016e462a7538 0000000c35cfc1a8
0x0000000c35cfc200:   0000000c35cfc220 0000000c35cfc288
0x0000000c35cfc210:   0000016e33aa9645 0000000000000000
0x0000000c35cfc220:   0000000083b9d1b8 0000000083bc1cd8
0x0000000c35cfc230:   0000000083bc1cd8 0000000083bdd4e8
0x0000000c35cfc240:   0000000c35cfc240 0000016e462a6e36
0x0000000c35cfc250:   0000000c35cfc2a8 0000016e46349ea8
0x0000000c35cfc260:   0000000000000000 000000009cbf1890
0x0000000c35cfc270:   0000016e462a6e80 0000000c35cfc220
0x0000000c35cfc280:   0000000c35cfc298 0000000c35cfc300
0x0000000c35cfc290:   0000016e33aa9645 0000000083b9d1b8
0x0000000c35cfc2a0:   0000000083bc1cd8 0000000083bdd4e8
0x0000000c35cfc2b0:   0000000083bdd4e8 0000000c35cfc2b8
0x0000000c35cfc2c0:   0000016e46333b32 0000000c35cfc310
0x0000000c35cfc2d0:   0000016e463344f0 0000000000000000
0x0000000c35cfc2e0:   0000000083bc0d20 0000016e46333b38
0x0000000c35cfc2f0:   0000000c35cfc298 0000000c35cfc310
0x0000000c35cfc300:   0000000c35cfc360 0000016e33aa9a97
0x0000000c35cfc310:   0000000083bc1cd8 0000000c35cfc318
0x0000000c35cfc320:   0000016e4624c88d 0000000c35cfc388
0x0000000c35cfc330:   0000016e4626efe8 0000000000000000 

Instructions: (pc=0x0000016e33abb280)
0x0000016e33abb180:   eb 10 81 e3 ff 00 00 00 81 fb ba 00 00 00 0f 84
0x0000016e33abb190:   b7 00 00 00 bb ba 00 00 00 e8 05 00 00 00 e9 9b
0x0000016e33abb1a0:   00 00 00 48 8b d3 48 8d 44 24 08 4c 89 6d c0 49
0x0000016e33abb1b0:   8b cf c5 f8 77 49 89 af a8 02 00 00 49 89 87 98
0x0000016e33abb1c0:   02 00 00 48 83 ec 20 f7 c4 0f 00 00 00 0f 84 1a
0x0000016e33abb1d0:   00 00 00 48 83 ec 08 49 ba f0 b4 41 e9 ff 7f 00
0x0000016e33abb1e0:   00 41 ff d2 48 83 c4 08 e9 0d 00 00 00 49 ba f0
0x0000016e33abb1f0:   b4 41 e9 ff 7f 00 00 41 ff d2 48 83 c4 20 49 c7
0x0000016e33abb200:   87 98 02 00 00 00 00 00 00 49 c7 87 a8 02 00 00
0x0000016e33abb210:   00 00 00 00 49 c7 87 a0 02 00 00 00 00 00 00 c5
0x0000016e33abb220:   f8 77 49 81 7f 08 00 00 00 00 0f 84 05 00 00 00
0x0000016e33abb230:   e9 cb 5c fe ff 4c 8b 6d c0 4c 8b 75 c8 c3 41 8b
0x0000016e33abb240:   55 01 f7 d2 48 8b 4d d0 c1 e2 02 48 8b 5c d1 28
0x0000016e33abb250:   48 8b 44 d1 30 8b 54 d1 38 f7 c2 00 00 00 01 0f
0x0000016e33abb260:   84 21 00 00 00 53 48 8b d8 48 8b 45 e8 48 8b 40
0x0000016e33abb270:   08 48 8b 40 08 48 8b 40 10 48 8b 40 10 48 8b 00
0x0000016e33abb280:   8b 44 98 10 5b 50 c1 ea 1c 49 ba 30 66 c4 e9 ff
0x0000016e33abb290:   7f 00 00 49 8b 14 d2 52 4c 8b 6d d8 4d 85 ed 0f
0x0000016e33abb2a0:   84 12 00 00 00 49 83 45 08 01 49 83 5d 08 00 49
0x0000016e33abb2b0:   83 c5 10 4c 89 6d d8 48 8b 55 d8 48 85 d2 0f 84
0x0000016e33abb2c0:   23 01 00 00 80 7a f0 0a 0f 85 19 01 00 00 48 83
0x0000016e33abb2d0:   c2 08 4c 8b 6a f8 41 83 ed 00 41 83 fd 02 0f 8c
0x0000016e33abb2e0:   f8 00 00 00 4c 8b 6b 08 45 0f b7 6d 2c 4c 2b 2a
0x0000016e33abb2f0:   41 83 ed 01 4e 8b 6c ec 08 4d 85 ed 75 07 48 83
0x0000016e33abb300:   4a 08 01 eb 4a 45 8b 6d 08 49 c1 e5 03 4c 33 6a
0x0000016e33abb310:   08 49 f7 c5 fc ff ff ff 74 35 49 f7 c5 02 00 00
0x0000016e33abb320:   00 75 2c 48 81 7a 08 00 00 00 00 74 1e 48 81 7a
0x0000016e33abb330:   08 01 00 00 00 74 14 4c 33 6a 08 49 f7 c5 fc ff
0x0000016e33abb340:   ff ff 74 0b 48 83 4a 08 02 eb 04 4c 89 6a 08 48
0x0000016e33abb350:   83 c2 10 4c 8b 6a e8 41 83 ed 02 41 83 fd 02 0f
0x0000016e33abb360:   8c 77 00 00 00 4c 8b 6b 08 45 0f b7 6d 2c 4c 2b
0x0000016e33abb370:   2a 41 83 ed 01 4e 8b 6c ec 08 4d 85 ed 75 07 48 


Stack slot to memory mapping:
stack at sp + 0 slots: {method} {0x0000016e453a4c10} 'linkToTargetMethod' '(Ljava/lang/Object;Ljava/lang/Object;)Ljava/lang/Object;' in 'java/lang/invoke/Invokers$Holder'
stack at sp + 1 slots: 0x0000000083bc1cd8 is an oop: org.gradle.api.internal.cache.DefaultCacheConfigurations$DefaultCacheResourceConfiguration_Decorated 
{0x0000000083bc1cd8} - klass: 'org/gradle/api/internal/cache/DefaultCacheConfigurations$DefaultCacheResourceConfiguration_Decorated'
 - ---- fields (total size 6 words):
 - private final 'name' 'Ljava/lang/String;' @12  "releasedWrappers"{0x000000009cea0db0} (9cea0db0)
 - private final 'removeUnusedEntriesOlderThan' 'Lorg/gradle/api/provider/Property;' @16  a 'org/gradle/api/internal/cache/DefaultCacheConfigurations$ContextualErrorMessageProperty'{0x0000000083bdd4e8} (83bdd4e8)
 - private transient '__removeUnusedEntriesOlderThan__' 'Z' @20  false
 - private transient '__removeUnusedEntriesOlderThanAsSupplier__' 'Z' @21  false
 - private synthetic '_gr_dn_' 'Lorg/gradle/api/Describable;' @24  NULL (0)
 - private synthetic '_gr_owner_' 'Lorg/gradle/internal/state/ModelObject;' @28  NULL (0)
 - private transient synthetic '_gr_svcs_' 'Lorg/gradle/internal/service/ServiceLookup;' @32  a 'org/gradle/launcher/daemon/server/DaemonServices'{0x00000000806a49c8} (806a49c8)
 - private transient '_gr_map_' 'Lorg/gradle/api/internal/ConventionMapping;' @36  NULL (0)
 - private transient '_gr_dyn_' 'Lorg/gradle/internal/metaobject/AbstractDynamicObject;' @40  NULL (0)
 - private transient '_gr_mc_' 'Lgroovy/lang/MetaClass;' @44  NULL (0)
stack at sp + 2 slots: 0x0000000c35cfc150 is pointing into the stack for thread: 0x0000016e4a7e7260
stack at sp + 3 slots: 0x0000016e462a75e1 is pointing into metadata
stack at sp + 4 slots: 0x0000000c35cfc1a8 is pointing into the stack for thread: 0x0000016e4a7e7260
stack at sp + 5 slots: 0x0000016e46349ea8 is pointing into metadata
stack at sp + 6 slots: 0x0 is NULL
stack at sp + 7 slots: 0x000000009cbf1890 is an oop: java.lang.Class 
{0x000000009cbf1890} - klass: 'java/lang/Class'
 - ---- fields (total size 14 words):
 - private volatile transient 'classRedefinedCount' 'I' @12  0
 - private volatile transient 'cachedConstructor' 'Ljava/lang/reflect/Constructor;' @40  NULL (0)
 - private transient 'name' 'Ljava/lang/String;' @44  "org.gradle.internal.instantiation.generator.ManagedObjectFactory"{0x000000009cbf1900} (9cbf1900)
 - private transient 'module' 'Ljava/lang/Module;' @48  a 'java/lang/Module'{0x000000008062d358} (8062d358)
 - private final 'classLoader' 'Ljava/lang/ClassLoader;' @52  a 'org/gradle/internal/classloader/VisitableURLClassLoader'{0x000000008062d390} (8062d390)
 - private transient 'classData' 'Ljava/lang/Object;' @56  NULL (0)
 - private transient 'packageName' 'Ljava/lang/String;' @60  "org.gradle.internal.instantiation.generator"{0x000000009ce17848} (9ce17848)
 - private final 'componentType' 'Ljava/lang/Class;' @64  NULL (0)
 - private volatile transient 'reflectionData' 'Ljava/lang/ref/SoftReference;' @68  NULL (0)
 - private volatile transient 'genericInfo' 'Lsun/reflect/generics/repository/ClassRepository;' @72  NULL (0)
 - private volatile transient 'enumConstants' '[Ljava/lang/Object;' @76  NULL (0)
 - private volatile transient 'enumConstantDirectory' 'Ljava/util/Map;' @80  NULL (0)
 - private volatile transient 'annotationData' 'Ljava/lang/Class$AnnotationData;' @84  NULL (0)
 - private volatile transient 'annotationType' 'Lsun/reflect/annotation/AnnotationType;' @88  NULL (0)
 - transient 'classValueMap' 'Ljava/lang/ClassValue$ClassValueMap;' @92  NULL (0)
 - signature: Lorg/gradle/internal/instantiation/generator/ManagedObjectFactory;
 - fake entry for mirror: 'org/gradle/internal/instantiation/generator/ManagedObjectFactory'
 - fake entry for array: NULL
 - fake entry for oop_size: 14
 - fake entry for static_oop_field_count: 0

invokedynamic  186 invokedynamic  [0x0000016e33abb140, 0x0000016e33abb400]  704 bytes
[MachCode]
  0x0000016e33abb140: 4883 ec08 | c5fa 1104 | 24eb 1f48 | 83ec 10c5 | fb11 0424 | eb14 4883 | ec10 4889 | 0424 48c7 
  0x0000016e33abb160: 4424 0800 | 0000 00eb | 0150 4c89 | 6dc0 418b | 5501 f7d2 | 488b 4dd0 | c1e2 028b | 5cd1 20c1 
  0x0000016e33abb180: eb10 81e3 | ff00 0000 | 81fb ba00 | 0000 0f84 | b700 0000 | bbba 0000 | 00e8 0500 | 0000 e99b 
  0x0000016e33abb1a0: 0000 0048 | 8bd3 488d | 4424 084c | 896d c049 | 8bcf c5f8 | 7749 89af | a802 0000 | 4989 8798 
  0x0000016e33abb1c0: 0200 0048 | 83ec 20f7 | c40f 0000 | 000f 841a | 0000 0048 | 83ec 0849 | baf0 b441 | e9ff 7f00 
  0x0000016e33abb1e0: 0041 ffd2 | 4883 c408 | e90d 0000 | 0049 baf0 | b441 e9ff | 7f00 0041 | ffd2 4883 | c420 49c7 
  0x0000016e33abb200: 8798 0200 | 0000 0000 | 0049 c787 | a802 0000 | 0000 0000 | 49c7 87a0 | 0200 0000 | 0000 00c5 
  0x0000016e33abb220: f877 4981 | 7f08 0000 | 0000 0f84 | 0500 0000 | e9cb 5cfe | ff4c 8b6d | c04c 8b75 | c8c3 418b 
  0x0000016e33abb240: 5501 f7d2 | 488b 4dd0 | c1e2 0248 | 8b5c d128 | 488b 44d1 | 308b 54d1 | 38f7 c200 | 0000 010f 
  0x0000016e33abb260: 8421 0000 | 0053 488b | d848 8b45 | e848 8b40 | 0848 8b40 | 0848 8b40 | 1048 8b40 | 1048 8b00 
  0x0000016e33abb280: 8b44 9810 | 5b50 c1ea | 1c49 ba30 | 66c4 e9ff | 7f00 0049 | 8b14 d252 | 4c8b 6dd8 | 4d85 ed0f 
  0x0000016e33abb2a0: 8412 0000 | 0049 8345 | 0801 4983 | 5d08 0049 | 83c5 104c | 896d d848 | 8b55 d848 | 85d2 0f84 
  0x0000016e33abb2c0: 2301 0000 | 807a f00a | 0f85 1901 | 0000 4883 | c208 4c8b | 6af8 4183 | ed00 4183 | fd02 0f8c 
  0x0000016e33abb2e0: f800 0000 | 4c8b 6b08 | 450f b76d | 2c4c 2b2a | 4183 ed01 | 4e8b 6cec | 084d 85ed | 7507 4883 
  0x0000016e33abb300: 4a08 01eb | 4a45 8b6d | 0849 c1e5 | 034c 336a | 0849 f7c5 | fcff ffff | 7435 49f7 | c502 0000 
  0x0000016e33abb320: 0075 2c48 | 817a 0800 | 0000 0074 | 1e48 817a | 0801 0000 | 0074 144c | 336a 0849 | f7c5 fcff 
  0x0000016e33abb340: ffff 740b | 4883 4a08 | 02eb 044c | 896a 0848 | 83c2 104c | 8b6a e841 | 83ed 0241 | 83fd 020f 
  0x0000016e33abb360: 8c77 0000 | 004c 8b6b | 0845 0fb7 | 6d2c 4c2b | 2a41 83ed | 014e 8b6c | ec08 4d85 | ed75 0748 
  0x0000016e33abb380: 834a 0801 | eb4a 458b | 6d08 49c1 | e503 4c33 | 6a08 49f7 | c5fc ffff | ff74 3549 | f7c5 0200 
  0x0000016e33abb3a0: 0000 752c | 4881 7a08 | 0000 0000 | 741e 4881 | 7a08 0100 | 0000 7414 | 4c33 6a08 | 49f7 c5fc 
  0x0000016e33abb3c0: ffff ff74 | 0b48 834a | 0802 eb04 | 4c89 6a08 | 4883 c210 | 4c8b 6ad8 | 4183 ed04 | 41c1 e503 
  0x0000016e33abb3e0: 4903 d548 | 8955 d84c | 8d6c 2408 | 4c89 6df0 | ff63 600f | 1f44 0000 | 0000 0000 | 0000 0000 
[/MachCode]

---------------  P R O C E S S  ---------------

Threads class SMR info:
_java_thread_list=0x0000016e4a5e9d20, length=29, elements={
0x0000016e291826c0, 0x0000016e43c99050, 0x0000016e43c9acf0, 0x0000016e43cdc020,
0x0000016e43cdc8f0, 0x0000016e43cdd1c0, 0x0000016e43cddb90, 0x0000016e43ce0850,
0x0000016e43ce4710, 0x0000016e43cef040, 0x0000016e43b3c810, 0x0000016e43e764a0,
0x0000016e43ec7610, 0x0000016e442a9fe0, 0x0000016e4435d300, 0x0000016e44463600,
0x0000016e446ad060, 0x0000016e441e90b0, 0x0000016e49804ae0, 0x0000016e4a04d9d0,
0x0000016e4aa7eae0, 0x0000016e4abee810, 0x0000016e4a079760, 0x0000016e4a788c70,
0x0000016e4ae802b0, 0x0000016e4a7e7260, 0x0000016e49284580, 0x0000016e49287820,
0x0000016e49287310
}

Java Threads: ( => current thread )
  0x0000016e291826c0 JavaThread "main" [_thread_blocked, id=12408, stack(0x0000000c33100000,0x0000000c33200000)]
  0x0000016e43c99050 JavaThread "Reference Handler" daemon [_thread_blocked, id=5420, stack(0x0000000c33800000,0x0000000c33900000)]
  0x0000016e43c9acf0 JavaThread "Finalizer" daemon [_thread_blocked, id=25556, stack(0x0000000c33900000,0x0000000c33a00000)]
  0x0000016e43cdc020 JavaThread "Signal Dispatcher" daemon [_thread_blocked, id=8972, stack(0x0000000c33a00000,0x0000000c33b00000)]
  0x0000016e43cdc8f0 JavaThread "Attach Listener" daemon [_thread_blocked, id=25116, stack(0x0000000c33b00000,0x0000000c33c00000)]
  0x0000016e43cdd1c0 JavaThread "Service Thread" daemon [_thread_blocked, id=17924, stack(0x0000000c33c00000,0x0000000c33d00000)]
  0x0000016e43cddb90 JavaThread "Monitor Deflation Thread" daemon [_thread_blocked, id=9496, stack(0x0000000c33d00000,0x0000000c33e00000)]
  0x0000016e43ce0850 JavaThread "C2 CompilerThread0" daemon [_thread_blocked, id=2908, stack(0x0000000c33e00000,0x0000000c33f00000)]
  0x0000016e43ce4710 JavaThread "C1 CompilerThread0" daemon [_thread_blocked, id=7272, stack(0x0000000c33f00000,0x0000000c34000000)]
  0x0000016e43cef040 JavaThread "Sweeper thread" daemon [_thread_blocked, id=4456, stack(0x0000000c34000000,0x0000000c34100000)]
  0x0000016e43b3c810 JavaThread "Common-Cleaner" daemon [_thread_blocked, id=25476, stack(0x0000000c34100000,0x0000000c34200000)]
  0x0000016e43e764a0 JavaThread "C1 CompilerThread1" daemon [_thread_blocked, id=15400, stack(0x0000000c34200000,0x0000000c34300000)]
  0x0000016e43ec7610 JavaThread "C1 CompilerThread2" daemon [_thread_blocked, id=23844, stack(0x0000000c34300000,0x0000000c34400000)]
  0x0000016e442a9fe0 JavaThread "Notification Thread" daemon [_thread_blocked, id=22176, stack(0x0000000c34400000,0x0000000c34500000)]
  0x0000016e4435d300 JavaThread "C2 CompilerThread1" daemon [_thread_blocked, id=26352, stack(0x0000000c34600000,0x0000000c34700000)]
  0x0000016e44463600 JavaThread "C2 CompilerThread2" daemon [_thread_blocked, id=10808, stack(0x0000000c34700000,0x0000000c34800000)]
  0x0000016e446ad060 JavaThread "C2 CompilerThread3" daemon [_thread_blocked, id=23228, stack(0x0000000c34800000,0x0000000c34900000)]
  0x0000016e441e90b0 JavaThread "C2 CompilerThread4" daemon [_thread_blocked, id=12020, stack(0x0000000c34900000,0x0000000c34a00000)]
  0x0000016e49804ae0 JavaThread "C1 CompilerThread3" daemon [_thread_blocked, id=2848, stack(0x0000000c34a00000,0x0000000c34b00000)]
  0x0000016e4a04d9d0 JavaThread "Daemon health stats" [_thread_blocked, id=22096, stack(0x0000000c35600000,0x0000000c35700000)]
  0x0000016e4aa7eae0 JavaThread "Incoming local TCP Connector on port 51097" [_thread_in_native, id=13092, stack(0x0000000c35700000,0x0000000c35800000)]
  0x0000016e4abee810 JavaThread "Daemon periodic checks" [_thread_blocked, id=11980, stack(0x0000000c35800000,0x0000000c35900000)]
  0x0000016e4a079760 JavaThread "Daemon" [_thread_blocked, id=12848, stack(0x0000000c35900000,0x0000000c35a00000)]
  0x0000016e4a788c70 JavaThread "Handler for socket connection from /127.0.0.1:51097 to /127.0.0.1:51099" [_thread_in_native, id=812, stack(0x0000000c35a00000,0x0000000c35b00000)]
  0x0000016e4ae802b0 JavaThread "Cancel handler" [_thread_blocked, id=10692, stack(0x0000000c35b00000,0x0000000c35c00000)]
=>0x0000016e4a7e7260 JavaThread "Daemon worker" [_thread_in_Java, id=14552, stack(0x0000000c35c00000,0x0000000c35d00000)]
  0x0000016e49284580 JavaThread "Asynchronous log dispatcher for DefaultDaemonConnection: socket connection from /127.0.0.1:51097 to /127.0.0.1:51099" [_thread_blocked, id=1788, stack(0x0000000c35d00000,0x0000000c35e00000)]
  0x0000016e49287820 JavaThread "Stdin handler" [_thread_blocked, id=26528, stack(0x0000000c35e00000,0x0000000c35f00000)]
  0x0000016e49287310 JavaThread "Daemon client event forwarder" [_thread_blocked, id=20516, stack(0x0000000c35f00000,0x0000000c36000000)]

Other Threads:
  0x0000016e43b6b130 VMThread "VM Thread" [stack: 0x0000000c33700000,0x0000000c33800000] [id=5300]
  0x0000016e29183450 WatcherThread [stack: 0x0000000c34500000,0x0000000c34600000] [id=18296]
  0x0000016e291ddb50 GCTaskThread "GC Thread#0" [stack: 0x0000000c33200000,0x0000000c33300000] [id=25044]
  0x0000016e492d0000 GCTaskThread "GC Thread#1" [stack: 0x0000000c34b00000,0x0000000c34c00000] [id=19764]
  0x0000016e4970b600 GCTaskThread "GC Thread#2" [stack: 0x0000000c34c00000,0x0000000c34d00000] [id=10408]
  0x0000016e4964bfc0 GCTaskThread "GC Thread#3" [stack: 0x0000000c34d00000,0x0000000c34e00000] [id=7324]
  0x0000016e4964c280 GCTaskThread "GC Thread#4" [stack: 0x0000000c34e00000,0x0000000c34f00000] [id=21164]
  0x0000016e4964c540 GCTaskThread "GC Thread#5" [stack: 0x0000000c34f00000,0x0000000c35000000] [id=18784]
  0x0000016e49f273e0 GCTaskThread "GC Thread#6" [stack: 0x0000000c35000000,0x0000000c35100000] [id=8448]
  0x0000016e49f276a0 GCTaskThread "GC Thread#7" [stack: 0x0000000c35100000,0x0000000c35200000] [id=18484]
  0x0000016e4906d690 GCTaskThread "GC Thread#8" [stack: 0x0000000c35200000,0x0000000c35300000] [id=20500]
  0x0000016e4906d950 GCTaskThread "GC Thread#9" [stack: 0x0000000c35300000,0x0000000c35400000] [id=14032]
  0x0000016e492c6600 GCTaskThread "GC Thread#10" [stack: 0x0000000c35400000,0x0000000c35500000] [id=5252]
  0x0000016e492c7060 GCTaskThread "GC Thread#11" [stack: 0x0000000c35500000,0x0000000c35600000] [id=2528]
  0x0000016e4ac9b8b0 GCTaskThread "GC Thread#12" [stack: 0x0000000c36000000,0x0000000c36100000] [id=4864]
  0x0000016e291ee9b0 ConcurrentGCThread "G1 Main Marker" [stack: 0x0000000c33300000,0x0000000c33400000] [id=18428]
  0x0000016e291efa80 ConcurrentGCThread "G1 Conc#0" [stack: 0x0000000c33400000,0x0000000c33500000] [id=7988]
  0x0000016e4ac9bb70 ConcurrentGCThread "G1 Conc#1" [stack: 0x0000000c36100000,0x0000000c36200000] [id=5792]
  0x0000016e4ac9b330 ConcurrentGCThread "G1 Conc#2" [stack: 0x0000000c36200000,0x0000000c36300000] [id=13436]
  0x0000016e43ad9fa0 ConcurrentGCThread "G1 Refine#0" [stack: 0x0000000c33500000,0x0000000c33600000] [id=15160]
  0x0000016e43ada8e0 ConcurrentGCThread "G1 Service" [stack: 0x0000000c33600000,0x0000000c33700000] [id=7152]

Threads with active compile tasks:

VM state: not at safepoint (normal execution)

VM Mutex/Monitor currently owned by a thread: None

Heap address: 0x0000000080000000, size: 2048 MB, Compressed Oops mode: 32-bit

CDS archive(s) not mapped
Compressed class space mapped at: 0x0000000100000000-0x0000000140000000, reserved size: 1073741824
Narrow klass base: 0x0000000000000000, Narrow klass shift: 3, Narrow klass range: 0x140000000

GC Precious Log:
 CPUs: 16 total, 16 available
 Memory: 32676M
 Large Page Support: Disabled
 NUMA Support: Disabled
 Compressed Oops: Enabled (32-bit)
 Heap Region Size: 1M
 Heap Min Capacity: 8M
 Heap Initial Capacity: 512M
 Heap Max Capacity: 2G
 Pre-touch: Disabled
 Parallel Workers: 13
 Concurrent Workers: 3
 Concurrent Refinement Workers: 13
 Periodic GC: Disabled

Heap:
 garbage-first heap   total 71680K, used 21210K [0x0000000080000000, 0x0000000100000000)
  region size 1024K, 12 young (12288K), 9 survivors (9216K)
 Metaspace       used 21625K, committed 21824K, reserved 1114112K
  class space    used 2614K, committed 2688K, reserved 1048576K

Heap Regions: E=young(eden), S=young(survivor), O=old, HS=humongous(starts), HC=humongous(continues), CS=collection set, F=free, OA=open archive, CA=closed archive, TAMS=top-at-mark-start (previous, next)
|   0|0x0000000080000000, 0x0000000080100000, 0x0000000080100000|100%|HS|  |TAMS 0x0000000080100000, 0x0000000080000000| Complete 
|   1|0x0000000080100000, 0x0000000080200000, 0x0000000080200000|100%|HC|  |TAMS 0x0000000080200000, 0x0000000080100000| Complete 
|   2|0x0000000080200000, 0x0000000080300000, 0x0000000080300000|100%|HC|  |TAMS 0x0000000080300000, 0x0000000080200000| Complete 
|   3|0x0000000080300000, 0x0000000080400000, 0x0000000080400000|100%|HC|  |TAMS 0x0000000080400000, 0x0000000080300000| Complete 
|   4|0x0000000080400000, 0x0000000080500000, 0x0000000080500000|100%| O|  |TAMS 0x0000000080500000, 0x0000000080400000| Untracked 
|   5|0x0000000080500000, 0x0000000080600000, 0x0000000080600000|100%| O|  |TAMS 0x0000000080600000, 0x0000000080500000| Untracked 
|   6|0x0000000080600000, 0x0000000080700000, 0x0000000080700000|100%| O|  |TAMS 0x0000000080700000, 0x0000000080600000| Untracked 
|   7|0x0000000080700000, 0x0000000080800000, 0x0000000080800000|100%| O|  |TAMS 0x0000000080800000, 0x0000000080700000| Untracked 
|   8|0x0000000080800000, 0x0000000080900000, 0x0000000080900000|100%| O|  |TAMS 0x0000000080900000, 0x0000000080800000| Untracked 
|   9|0x0000000080900000, 0x0000000080a00000, 0x0000000080a00000|100%| O|  |TAMS 0x0000000080a00000, 0x0000000080900000| Untracked 
|  10|0x0000000080a00000, 0x0000000080a5cc00, 0x0000000080b00000| 36%| O|  |TAMS 0x0000000080a5cc00, 0x0000000080a00000| Untracked 
|  11|0x0000000080b00000, 0x0000000080b00000, 0x0000000080c00000|  0%| F|  |TAMS 0x0000000080b00000, 0x0000000080b00000| Untracked 
|  12|0x0000000080c00000, 0x0000000080c00000, 0x0000000080d00000|  0%| F|  |TAMS 0x0000000080c00000, 0x0000000080c00000| Untracked 
|  13|0x0000000080d00000, 0x0000000080d00000, 0x0000000080e00000|  0%| F|  |TAMS 0x0000000080d00000, 0x0000000080d00000| Untracked 
|  14|0x0000000080e00000, 0x0000000080e00000, 0x0000000080f00000|  0%| F|  |TAMS 0x0000000080e00000, 0x0000000080e00000| Untracked 
|  15|0x0000000080f00000, 0x0000000080f00000, 0x0000000081000000|  0%| F|  |TAMS 0x0000000080f00000, 0x0000000080f00000| Untracked 
|  16|0x0000000081000000, 0x0000000081000000, 0x0000000081100000|  0%| F|  |TAMS 0x0000000081000000, 0x0000000081000000| Untracked 
|  17|0x0000000081100000, 0x0000000081100000, 0x0000000081200000|  0%| F|  |TAMS 0x0000000081100000, 0x0000000081100000| Untracked 
|  18|0x0000000081200000, 0x0000000081200000, 0x0000000081300000|  0%| F|  |TAMS 0x0000000081200000, 0x0000000081200000| Untracked 
|  19|0x0000000081300000, 0x0000000081300000, 0x0000000081400000|  0%| F|  |TAMS 0x0000000081300000, 0x0000000081300000| Untracked 
|  20|0x0000000081400000, 0x0000000081400000, 0x0000000081500000|  0%| F|  |TAMS 0x0000000081400000, 0x0000000081400000| Untracked 
|  21|0x0000000081500000, 0x0000000081500000, 0x0000000081600000|  0%| F|  |TAMS 0x0000000081500000, 0x0000000081500000| Untracked 
|  22|0x0000000081600000, 0x0000000081600000, 0x0000000081700000|  0%| F|  |TAMS 0x0000000081600000, 0x0000000081600000| Untracked 
|  23|0x0000000081700000, 0x0000000081700000, 0x0000000081800000|  0%| F|  |TAMS 0x0000000081700000, 0x0000000081700000| Untracked 
|  24|0x0000000081800000, 0x0000000081800000, 0x0000000081900000|  0%| F|  |TAMS 0x0000000081800000, 0x0000000081800000| Untracked 
|  25|0x0000000081900000, 0x0000000081900000, 0x0000000081a00000|  0%| F|  |TAMS 0x0000000081900000, 0x0000000081900000| Untracked 
|  26|0x0000000081a00000, 0x0000000081a00000, 0x0000000081b00000|  0%| F|  |TAMS 0x0000000081a00000, 0x0000000081a00000| Untracked 
|  27|0x0000000081b00000, 0x0000000081b00000, 0x0000000081c00000|  0%| F|  |TAMS 0x0000000081b00000, 0x0000000081b00000| Untracked 
|  28|0x0000000081c00000, 0x0000000081c00000, 0x0000000081d00000|  0%| F|  |TAMS 0x0000000081c00000, 0x0000000081c00000| Untracked 
|  29|0x0000000081d00000, 0x0000000081d00000, 0x0000000081e00000|  0%| F|  |TAMS 0x0000000081d00000, 0x0000000081d00000| Untracked 
|  30|0x0000000081e00000, 0x0000000081e00000, 0x0000000081f00000|  0%| F|  |TAMS 0x0000000081e00000, 0x0000000081e00000| Untracked 
|  31|0x0000000081f00000, 0x0000000081f00000, 0x0000000082000000|  0%| F|  |TAMS 0x0000000081f00000, 0x0000000081f00000| Untracked 
|  32|0x0000000082000000, 0x0000000082000000, 0x0000000082100000|  0%| F|  |TAMS 0x0000000082000000, 0x0000000082000000| Untracked 
|  33|0x0000000082100000, 0x0000000082100000, 0x0000000082200000|  0%| F|  |TAMS 0x0000000082100000, 0x0000000082100000| Untracked 
|  34|0x0000000082200000, 0x0000000082200000, 0x0000000082300000|  0%| F|  |TAMS 0x0000000082200000, 0x0000000082200000| Untracked 
|  35|0x0000000082300000, 0x0000000082300000, 0x0000000082400000|  0%| F|  |TAMS 0x0000000082300000, 0x0000000082300000| Untracked 
|  36|0x0000000082400000, 0x0000000082400000, 0x0000000082500000|  0%| F|  |TAMS 0x0000000082400000, 0x0000000082400000| Untracked 
|  37|0x0000000082500000, 0x0000000082500000, 0x0000000082600000|  0%| F|  |TAMS 0x0000000082500000, 0x0000000082500000| Untracked 
|  38|0x0000000082600000, 0x0000000082600000, 0x0000000082700000|  0%| F|  |TAMS 0x0000000082600000, 0x0000000082600000| Untracked 
|  39|0x0000000082700000, 0x0000000082700000, 0x0000000082800000|  0%| F|  |TAMS 0x0000000082700000, 0x0000000082700000| Untracked 
|  40|0x0000000082800000, 0x0000000082800000, 0x0000000082900000|  0%| F|  |TAMS 0x0000000082800000, 0x0000000082800000| Untracked 
|  41|0x0000000082900000, 0x0000000082900000, 0x0000000082a00000|  0%| F|  |TAMS 0x0000000082900000, 0x0000000082900000| Untracked 
|  42|0x0000000082a00000, 0x0000000082a00000, 0x0000000082b00000|  0%| F|  |TAMS 0x0000000082a00000, 0x0000000082a00000| Untracked 
|  43|0x0000000082b00000, 0x0000000082b00000, 0x0000000082c00000|  0%| F|  |TAMS 0x0000000082b00000, 0x0000000082b00000| Untracked 
|  44|0x0000000082c00000, 0x0000000082c00000, 0x0000000082d00000|  0%| F|  |TAMS 0x0000000082c00000, 0x0000000082c00000| Untracked 
|  45|0x0000000082d00000, 0x0000000082d00000, 0x0000000082e00000|  0%| F|  |TAMS 0x0000000082d00000, 0x0000000082d00000| Untracked 
|  46|0x0000000082e00000, 0x0000000082e00000, 0x0000000082f00000|  0%| F|  |TAMS 0x0000000082e00000, 0x0000000082e00000| Untracked 
|  47|0x0000000082f00000, 0x0000000082f00000, 0x0000000083000000|  0%| F|  |TAMS 0x0000000082f00000, 0x0000000082f00000| Untracked 
|  48|0x0000000083000000, 0x0000000083000000, 0x0000000083100000|  0%| F|  |TAMS 0x0000000083000000, 0x0000000083000000| Untracked 
|  49|0x0000000083100000, 0x0000000083100000, 0x0000000083200000|  0%| F|  |TAMS 0x0000000083100000, 0x0000000083100000| Untracked 
|  50|0x0000000083200000, 0x0000000083200000, 0x0000000083300000|  0%| F|  |TAMS 0x0000000083200000, 0x0000000083200000| Untracked 
|  51|0x0000000083300000, 0x0000000083300000, 0x0000000083400000|  0%| F|  |TAMS 0x0000000083300000, 0x0000000083300000| Untracked 
|  52|0x0000000083400000, 0x0000000083400000, 0x0000000083500000|  0%| F|  |TAMS 0x0000000083400000, 0x0000000083400000| Untracked 
|  53|0x0000000083500000, 0x0000000083500000, 0x0000000083600000|  0%| F|  |TAMS 0x0000000083500000, 0x0000000083500000| Untracked 
|  54|0x0000000083600000, 0x0000000083600000, 0x0000000083700000|  0%| F|  |TAMS 0x0000000083600000, 0x0000000083600000| Untracked 
|  55|0x0000000083700000, 0x0000000083700000, 0x0000000083800000|  0%| F|  |TAMS 0x0000000083700000, 0x0000000083700000| Untracked 
|  56|0x0000000083800000, 0x0000000083800000, 0x0000000083900000|  0%| F|  |TAMS 0x0000000083800000, 0x0000000083800000| Untracked 
|  57|0x0000000083900000, 0x0000000083900000, 0x0000000083a00000|  0%| F|  |TAMS 0x0000000083900000, 0x0000000083900000| Untracked 
|  58|0x0000000083a00000, 0x0000000083a68bc8, 0x0000000083b00000| 40%| E|  |TAMS 0x0000000083a00000, 0x0000000083a00000| Complete 
|  59|0x0000000083b00000, 0x0000000083c00000, 0x0000000083c00000|100%| E|CS|TAMS 0x0000000083b00000, 0x0000000083b00000| Complete 
| 454|0x000000009c600000, 0x000000009c659c80, 0x000000009c700000| 35%| S|CS|TAMS 0x000000009c600000, 0x000000009c600000| Complete 
| 455|0x000000009c700000, 0x000000009c800000, 0x000000009c800000|100%| S|CS|TAMS 0x000000009c700000, 0x000000009c700000| Complete 
| 456|0x000000009c800000, 0x000000009c900000, 0x000000009c900000|100%| S|CS|TAMS 0x000000009c800000, 0x000000009c800000| Complete 
| 457|0x000000009c900000, 0x000000009ca00000, 0x000000009ca00000|100%| S|CS|TAMS 0x000000009c900000, 0x000000009c900000| Complete 
| 458|0x000000009ca00000, 0x000000009cb00000, 0x000000009cb00000|100%| S|CS|TAMS 0x000000009ca00000, 0x000000009ca00000| Complete 
| 459|0x000000009cb00000, 0x000000009cc00000, 0x000000009cc00000|100%| S|CS|TAMS 0x000000009cb00000, 0x000000009cb00000| Complete 
| 460|0x000000009cc00000, 0x000000009cd00000, 0x000000009cd00000|100%| S|CS|TAMS 0x000000009cc00000, 0x000000009cc00000| Complete 
| 461|0x000000009cd00000, 0x000000009ce00000, 0x000000009ce00000|100%| S|CS|TAMS 0x000000009cd00000, 0x000000009cd00000| Complete 
| 462|0x000000009ce00000, 0x000000009cf00000, 0x000000009cf00000|100%| S|CS|TAMS 0x000000009ce00000, 0x000000009ce00000| Complete 
| 511|0x000000009ff00000, 0x00000000a0000000, 0x00000000a0000000|100%| E|CS|TAMS 0x000000009ff00000, 0x000000009ff00000| Complete 

Card table byte_map: [0x0000016e3c2e0000,0x0000016e3c6e0000] _byte_map_base: 0x0000016e3bee0000

Marking Bits (Prev, Next): (CMBitMap*) 0x0000016e291de0c0, (CMBitMap*) 0x0000016e291de080
 Prev Bits: [0x0000016e3eae0000, 0x0000016e40ae0000)
 Next Bits: [0x0000016e3cae0000, 0x0000016e3eae0000)

Polling page: 0x0000016e27160000

Metaspace:

Usage:
  Non-class:     18.57 MB used.
      Class:      2.55 MB used.
       Both:     21.12 MB used.

Virtual space:
  Non-class space:       64.00 MB reserved,      18.69 MB ( 29%) committed,  1 nodes.
      Class space:        1.00 GB reserved,       2.62 MB ( <1%) committed,  1 nodes.
             Both:        1.06 GB reserved,      21.31 MB (  2%) committed. 

Chunk freelists:
   Non-Class:  12.70 MB
       Class:  13.39 MB
        Both:  26.09 MB

MaxMetaspaceSize: unlimited
CompressedClassSpaceSize: 1.00 GB
Initial GC threshold: 21.00 MB
Current GC threshold: 35.12 MB
CDS: off
MetaspaceReclaimPolicy: balanced
 - commit_granule_bytes: 65536.
 - commit_granule_words: 8192.
 - virtual_space_node_default_size: 8388608.
 - enlarge_chunks_in_place: 1.
 - new_chunks_are_fully_committed: 0.
 - uncommit_free_chunks: 1.
 - use_allocation_guard: 0.
 - handle_deallocations: 1.


Internal statistics:

num_allocs_failed_limit: 3.
num_arena_births: 150.
num_arena_deaths: 0.
num_vsnodes_births: 2.
num_vsnodes_deaths: 0.
num_space_committed: 341.
num_space_uncommitted: 0.
num_chunks_returned_to_freelist: 3.
num_chunks_taken_from_freelist: 533.
num_chunk_merges: 3.
num_chunk_splits: 352.
num_chunks_enlarged: 275.
num_inconsistent_stats: 0.

CodeHeap 'non-profiled nmethods': size=119168Kb used=1067Kb max_used=1067Kb free=118100Kb
 bounds [0x0000016e341f0000, 0x0000016e34460000, 0x0000016e3b650000]
CodeHeap 'profiled nmethods': size=119104Kb used=4552Kb max_used=4552Kb free=114551Kb
 bounds [0x0000016e2c650000, 0x0000016e2cad0000, 0x0000016e33aa0000]
CodeHeap 'non-nmethods': size=7488Kb used=2901Kb max_used=2915Kb free=4586Kb
 bounds [0x0000016e33aa0000, 0x0000016e33d80000, 0x0000016e341f0000]
 total_blobs=2730 nmethods=2214 adapters=425
 compilation: enabled
              stopped_count=0, restarted_count=0
 full_count=0

Compilation events (20 events):
Event: 1.371 Thread 0x0000016e43ce4710 nmethod 2204 0x0000016e2cabae10 code [0x0000016e2cabb000, 0x0000016e2cabb748]
Event: 1.371 Thread 0x0000016e43ec7610 nmethod 2205 0x0000016e2cabb910 code [0x0000016e2cabbac0, 0x0000016e2cabbc48]
Event: 1.371 Thread 0x0000016e43ce4710 2207       1       org.objectweb.asm.SymbolTable::getMajorVersion (5 bytes)
Event: 1.371 Thread 0x0000016e43ec7610 2208       3       org.objectweb.asm.ByteVector::put12 (64 bytes)
Event: 1.371 Thread 0x0000016e43ce4710 nmethod 2207 0x0000016e342fa310 code [0x0000016e342fa4a0, 0x0000016e342fa578]
Event: 1.371 Thread 0x0000016e446ad060 nmethod 2198 0x0000016e342fa610 code [0x0000016e342fa7a0, 0x0000016e342fa8d8]
Event: 1.371 Thread 0x0000016e43ec7610 nmethod 2208 0x0000016e2cabbd10 code [0x0000016e2cabbec0, 0x0000016e2cabc0e8]
Event: 1.372 Thread 0x0000016e43e764a0 nmethod 2206 0x0000016e2cabc290 code [0x0000016e2cabc460, 0x0000016e2cabc9c8]
Event: 1.372 Thread 0x0000016e43e764a0 2209       3       org.objectweb.asm.SymbolTable::addType (81 bytes)
Event: 1.372 Thread 0x0000016e43ec7610 2210       3       org.objectweb.asm.Frame::pop (44 bytes)
Event: 1.372 Thread 0x0000016e49804ae0 nmethod 2195 0x0000016e2cabcb90 code [0x0000016e2cabcee0, 0x0000016e2cabe5d8]
Event: 1.372 Thread 0x0000016e43ec7610 nmethod 2210 0x0000016e2cabec90 code [0x0000016e2cabee20, 0x0000016e2cabefb8]
Event: 1.372 Thread 0x0000016e49804ae0 2211       3       java.nio.ByteBuffer::limit (6 bytes)
Event: 1.372 Thread 0x0000016e43ce4710 2212       3       sun.reflect.generics.visitor.Reifier::getResult (26 bytes)
Event: 1.372 Thread 0x0000016e43e764a0 nmethod 2209 0x0000016e2cabf090 code [0x0000016e2cabf2a0, 0x0000016e2cabf7f8]
Event: 1.372 Thread 0x0000016e49804ae0 nmethod 2211 0x0000016e2cabfa90 code [0x0000016e2cabfc40, 0x0000016e2cabfe08]
Event: 1.372 Thread 0x0000016e43ce4710 nmethod 2212 0x0000016e2cabfe90 code [0x0000016e2cac0020, 0x0000016e2cac0138]
Event: 1.372 Thread 0x0000016e43e764a0 2213       3       java.lang.Class::isAnnotation (17 bytes)
Event: 1.372 Thread 0x0000016e43e764a0 nmethod 2213 0x0000016e2cac0210 code [0x0000016e2cac03a0, 0x0000016e2cac0538]
Event: 1.376 Thread 0x0000016e43ec7610 2214       3       java.lang.invoke.MemberName::<init> (139 bytes)

GC Heap History (6 events):
Event: 0.457 GC heap before
{Heap before GC invocations=0 (full 0):
 garbage-first heap   total 524288K, used 28672K [0x0000000080000000, 0x0000000100000000)
  region size 1024K, 25 young (25600K), 0 survivors (0K)
 Metaspace       used 10609K, committed 10752K, reserved 1114112K
  class space    used 1099K, committed 1152K, reserved 1048576K
}
Event: 0.460 GC heap after
{Heap after GC invocations=1 (full 0):
 garbage-first heap   total 524288K, used 10401K [0x0000000080000000, 0x0000000100000000)
  region size 1024K, 4 young (4096K), 4 survivors (4096K)
 Metaspace       used 10609K, committed 10752K, reserved 1114112K
  class space    used 1099K, committed 1152K, reserved 1048576K
}
Event: 0.761 GC heap before
{Heap before GC invocations=1 (full 0):
 garbage-first heap   total 524288K, used 41121K [0x0000000080000000, 0x0000000100000000)
  region size 1024K, 34 young (34816K), 4 survivors (4096K)
 Metaspace       used 11533K, committed 11712K, reserved 1114112K
  class space    used 1199K, committed 1280K, reserved 1048576K
}
Event: 0.763 GC heap after
{Heap after GC invocations=2 (full 0):
 garbage-first heap   total 524288K, used 11467K [0x0000000080000000, 0x0000000100000000)
  region size 1024K, 1 young (1024K), 1 survivors (1024K)
 Metaspace       used 11533K, committed 11712K, reserved 1114112K
  class space    used 1199K, committed 1280K, reserved 1048576K
}
Event: 1.354 GC heap before
{Heap before GC invocations=2 (full 0):
 garbage-first heap   total 524288K, used 60619K [0x0000000080000000, 0x0000000100000000)
  region size 1024K, 49 young (50176K), 1 survivors (1024K)
 Metaspace       used 21328K, committed 21504K, reserved 1114112K
  class space    used 2551K, committed 2624K, reserved 1048576K
}
Event: 1.357 GC heap after
{Heap after GC invocations=3 (full 0):
 garbage-first heap   total 524288K, used 19162K [0x0000000080000000, 0x0000000100000000)
  region size 1024K, 9 young (9216K), 9 survivors (9216K)
 Metaspace       used 21328K, committed 21504K, reserved 1114112K
  class space    used 2551K, committed 2624K, reserved 1048576K
}

Dll operation events (3 events):
Event: 0.005 Loaded shared library C:\Program Files\Android\Android Studio\jbr\bin\java.dll
Event: 0.088 Loaded shared library C:\Program Files\Android\Android Studio\jbr\bin\zip.dll
Event: 0.268 Loaded shared library C:\Program Files\Android\Android Studio\jbr\bin\verify.dll

Deoptimization events (20 events):
Event: 1.233 Thread 0x0000016e4a788c70 Uncommon trap: trap_request=0xffffff45 fr.pc=0x0000016e3420d064 relative=0x0000000000000404
Event: 1.233 Thread 0x0000016e4a788c70 Uncommon trap: reason=unstable_if action=reinterpret pc=0x0000016e3420d064 method=java.util.regex.Matcher.match(II)Z @ 76 c2
Event: 1.233 Thread 0x0000016e4a788c70 DEOPT PACKING pc=0x0000016e3420d064 sp=0x0000000c35afddf0
Event: 1.233 Thread 0x0000016e4a788c70 DEOPT UNPACKING pc=0x0000016e33af69a3 sp=0x0000000c35afddc0 mode 2
Event: 1.241 Thread 0x0000016e4a079760 Uncommon trap: trap_request=0xffffff45 fr.pc=0x0000016e342ccb38 relative=0x00000000000014d8
Event: 1.241 Thread 0x0000016e4a079760 Uncommon trap: reason=unstable_if action=reinterpret pc=0x0000016e342ccb38 method=java.util.concurrent.ConcurrentHashMap.transfer([Ljava/util/concurrent/ConcurrentHashMap$Node;[Ljava/util/concurrent/ConcurrentHashMap$Node;)V @ 26 c2
Event: 1.241 Thread 0x0000016e4a079760 DEOPT PACKING pc=0x0000016e342ccb38 sp=0x0000000c359fdcf0
Event: 1.241 Thread 0x0000016e4a079760 DEOPT UNPACKING pc=0x0000016e33af69a3 sp=0x0000000c359fdc60 mode 2
Event: 1.250 Thread 0x0000016e4a7e7260 Uncommon trap: trap_request=0xffffff45 fr.pc=0x0000016e3429b4d4 relative=0x0000000000001234
Event: 1.250 Thread 0x0000016e4a7e7260 Uncommon trap: reason=unstable_if action=reinterpret pc=0x0000016e3429b4d4 method=java.util.concurrent.ConcurrentHashMap.putVal(Ljava/lang/Object;Ljava/lang/Object;Z)Ljava/lang/Object; @ 231 c2
Event: 1.250 Thread 0x0000016e4a7e7260 DEOPT PACKING pc=0x0000016e3429b4d4 sp=0x0000000c35cfeea0
Event: 1.250 Thread 0x0000016e4a7e7260 DEOPT UNPACKING pc=0x0000016e33af69a3 sp=0x0000000c35cfee10 mode 2
Event: 1.315 Thread 0x0000016e4a7e7260 Uncommon trap: trap_request=0xffffff45 fr.pc=0x0000016e34232018 relative=0x00000000000003d8
Event: 1.315 Thread 0x0000016e4a7e7260 Uncommon trap: reason=unstable_if action=reinterpret pc=0x0000016e34232018 method=java.util.HashMap.getNode(Ljava/lang/Object;)Ljava/util/HashMap$Node; @ 66 c2
Event: 1.315 Thread 0x0000016e4a7e7260 DEOPT PACKING pc=0x0000016e34232018 sp=0x0000000c35cfc530
Event: 1.315 Thread 0x0000016e4a7e7260 DEOPT UNPACKING pc=0x0000016e33af69a3 sp=0x0000000c35cfc4b0 mode 2
Event: 1.322 Thread 0x0000016e4a7e7260 Uncommon trap: trap_request=0xffffff45 fr.pc=0x0000016e342d40ec relative=0x00000000000003ac
Event: 1.322 Thread 0x0000016e4a7e7260 Uncommon trap: reason=unstable_if action=reinterpret pc=0x0000016e342d40ec method=java.util.concurrent.ConcurrentHashMap.get(Ljava/lang/Object;)Ljava/lang/Object; @ 76 c2
Event: 1.322 Thread 0x0000016e4a7e7260 DEOPT PACKING pc=0x0000016e342d40ec sp=0x0000000c35cfb9f0
Event: 1.322 Thread 0x0000016e4a7e7260 DEOPT UNPACKING pc=0x0000016e33af69a3 sp=0x0000000c35cfb968 mode 2

Classes unloaded (0 events):
No events

Classes redefined (0 events):
No events

Internal exceptions (20 events):
Event: 0.346 Thread 0x0000016e291826c0 Exception <a 'java/lang/NoSuchMethodError'{0x000000009eb0a2e8}: 'void java.lang.invoke.DelegatingMethodHandle$Holder.delegate(java.lang.Object, java.lang.Object, int, java.lang.Object)'> (0x000000009eb0a2e8) 
thrown [s\src\hotspot\share\interpreter\linkResolver.cpp, line 771]
Event: 0.347 Thread 0x0000016e291826c0 Exception <a 'java/lang/NoSuchMethodError'{0x000000009eb0e320}: 'int java.lang.invoke.DirectMethodHandle$Holder.invokeSpecial(java.lang.Object, java.lang.Object, java.lang.Object)'> (0x000000009eb0e320) 
thrown [s\src\hotspot\share\interpreter\linkResolver.cpp, line 771]
Event: 0.350 Thread 0x0000016e291826c0 Exception <a 'java/lang/NoSuchMethodError'{0x000000009eb21bf8}: 'java.lang.Object java.lang.invoke.Invokers$Holder.invokeExact_MT(java.lang.Object, java.lang.Object, java.lang.Object, java.lang.Object)'> (0x000000009eb21bf8) 
thrown [s\src\hotspot\share\interpreter\linkResolver.cpp, line 771]
Event: 0.425 Thread 0x0000016e291826c0 Exception <a 'java/lang/NoSuchMethodError'{0x000000009e9edc88}: 'int java.lang.invoke.DirectMethodHandle$Holder.invokeStatic(java.lang.Object)'> (0x000000009e9edc88) 
thrown [s\src\hotspot\share\interpreter\linkResolver.cpp, line 771]
Event: 0.426 Thread 0x0000016e291826c0 Exception <a 'java/lang/NoSuchMethodError'{0x000000009e9f1138}: 'int java.lang.invoke.DirectMethodHandle$Holder.invokeStaticInit(java.lang.Object)'> (0x000000009e9f1138) 
thrown [s\src\hotspot\share\interpreter\linkResolver.cpp, line 771]
Event: 0.506 Thread 0x0000016e291826c0 Exception <a 'java/lang/NoSuchMethodError'{0x000000009fb4eaa8}: 'void java.lang.invoke.DirectMethodHandle$Holder.invokeInterface(java.lang.Object, java.lang.Object, java.lang.Object)'> (0x000000009fb4eaa8) 
thrown [s\src\hotspot\share\interpreter\linkResolver.cpp, line 771]
Event: 0.962 Thread 0x0000016e291826c0 Exception <a 'java/lang/NoSuchMethodError'{0x000000009ec547b0}: 'java.lang.Object java.lang.invoke.DirectMethodHandle$Holder.invokeStaticInit(java.lang.Object)'> (0x000000009ec547b0) 
thrown [s\src\hotspot\share\interpreter\linkResolver.cpp, line 771]
Event: 0.979 Thread 0x0000016e291826c0 Exception <a 'java/lang/NoSuchMethodError'{0x000000009ecdd538}: 'java.lang.Object java.lang.invoke.DirectMethodHandle$Holder.invokeInterface(java.lang.Object, java.lang.Object)'> (0x000000009ecdd538) 
thrown [s\src\hotspot\share\interpreter\linkResolver.cpp, line 771]
Event: 1.061 Thread 0x0000016e291826c0 Exception <a 'java/lang/NoSuchMethodError'{0x000000009e529ce0}: 'java.lang.Object java.lang.invoke.DirectMethodHandle$Holder.invokeStaticInit(java.lang.Object, int, int, int, int)'> (0x000000009e529ce0) 
thrown [s\src\hotspot\share\interpreter\linkResolver.cpp, line 771]
Event: 1.095 Thread 0x0000016e291826c0 Exception <a 'java/lang/NoSuchMethodError'{0x000000009e438538}: 'java.lang.Object java.lang.invoke.DirectMethodHandle$Holder.invokeStaticInit(java.lang.Object, java.lang.Object, int, int, int, int)'> (0x000000009e438538) 
thrown [s\src\hotspot\share\interpreter\linkResolver.cpp, line 771]
Event: 1.171 Thread 0x0000016e291826c0 Exception <a 'java/lang/NoSuchMethodError'{0x000000009e3933e8}: 'void java.lang.invoke.DirectMethodHandle$Holder.invokeStatic(java.lang.Object, java.lang.Object, java.lang.Object)'> (0x000000009e3933e8) 
thrown [s\src\hotspot\share\interpreter\linkResolver.cpp, line 771]
Event: 1.184 Thread 0x0000016e291826c0 Exception <a 'java/io/IOException'{0x000000009e25b440}> (0x000000009e25b440) 
thrown [s\src\hotspot\share\prims\jni.cpp, line 517]
Event: 1.271 Thread 0x0000016e4a7e7260 Exception <a 'java/lang/NoSuchMethodError'{0x000000009d8250e0}: 'long java.lang.invoke.DirectMethodHandle$Holder.invokeInterface(java.lang.Object, java.lang.Object)'> (0x000000009d8250e0) 
thrown [s\src\hotspot\share\interpreter\linkResolver.cpp, line 771]
Event: 1.274 Thread 0x0000016e4a7e7260 Exception <a 'java/lang/NoSuchMethodError'{0x000000009d8600e0}: 'java.lang.Object java.lang.invoke.DirectMethodHandle$Holder.invokeVirtual(java.lang.Object, java.lang.Object, java.lang.Object)'> (0x000000009d8600e0) 
thrown [s\src\hotspot\share\interpreter\linkResolver.cpp, line 771]
Event: 1.303 Thread 0x0000016e4a7e7260 Exception <a 'java/lang/NoSuchMethodError'{0x000000009d417a80}: 'void java.lang.invoke.DirectMethodHandle$Holder.invokeStatic(java.lang.Object, java.lang.Object)'> (0x000000009d417a80) 
thrown [s\src\hotspot\share\interpreter\linkResolver.cpp, line 771]
Event: 1.319 Thread 0x0000016e4a7e7260 Exception <a 'java/lang/NoSuchMethodError'{0x000000009d3d23e8}: 'java.lang.Object java.lang.invoke.DirectMethodHandle$Holder.newInvokeSpecial(java.lang.Object, java.lang.Object, java.lang.Object, java.lang.Object, java.lang.Object)'> (0x000000009d3d23e8) 
thrown [s\src\hotspot\share\interpreter\linkResolver.cpp, line 771]
Event: 1.335 Thread 0x0000016e4a7e7260 Exception <a 'java/lang/NoSuchMethodError'{0x000000009d1fa220}: 'void java.lang.invoke.DirectMethodHandle$Holder.invokeSpecial(java.lang.Object, java.lang.Object, java.lang.Object)'> (0x000000009d1fa220) 
thrown [s\src\hotspot\share\interpreter\linkResolver.cpp, line 771]
Event: 1.344 Thread 0x0000016e4a7e7260 Exception <a 'java/lang/NoSuchMethodError'{0x000000009d0a6830}: 'java.lang.Object java.lang.invoke.DirectMethodHandle$Holder.newInvokeSpecial(java.lang.Object, java.lang.Object, java.lang.Object, java.lang.Object, java.lang.Object, java.lang.Object)'> (0x000000009d0a6830) 
thrown [s\src\hotspot\share\interpreter\linkResolver.cpp, line 771]
Event: 1.345 Thread 0x0000016e4a7e7260 Exception <a 'java/lang/NoSuchMethodError'{0x000000009d0be338}: 'void java.lang.invoke.DirectMethodHandle$Holder.invokeSpecial(java.lang.Object, java.lang.Object, java.lang.Object, java.lang.Object, java.lang.Object)'> (0x000000009d0be338) 
thrown [s\src\hotspot\share\interpreter\linkResolver.cpp, line 771]
Event: 1.346 Thread 0x0000016e4a7e7260 Exception <a 'java/lang/NoSuchMethodError'{0x000000009d0d2158}: 'void java.lang.invoke.DirectMethodHandle$Holder.invokeStaticInit(java.lang.Object, java.lang.Object)'> (0x000000009d0d2158) 
thrown [s\src\hotspot\share\interpreter\linkResolver.cpp, line 771]

VM Operations (20 events):
Event: 0.976 Executing VM operation: HandshakeAllThreads
Event: 0.976 Executing VM operation: HandshakeAllThreads done
Event: 1.016 Executing VM operation: HandshakeAllThreads
Event: 1.016 Executing VM operation: HandshakeAllThreads done
Event: 1.053 Executing VM operation: HandshakeAllThreads
Event: 1.053 Executing VM operation: HandshakeAllThreads done
Event: 1.089 Executing VM operation: HandshakeAllThreads
Event: 1.089 Executing VM operation: HandshakeAllThreads done
Event: 1.170 Executing VM operation: HandshakeAllThreads
Event: 1.170 Executing VM operation: HandshakeAllThreads done
Event: 1.195 Executing VM operation: HandshakeAllThreads
Event: 1.195 Executing VM operation: HandshakeAllThreads done
Event: 1.299 Executing VM operation: ICBufferFull
Event: 1.299 Executing VM operation: ICBufferFull done
Event: 1.354 Executing VM operation: CollectForMetadataAllocation
Event: 1.357 Executing VM operation: CollectForMetadataAllocation done
Event: 1.360 Executing VM operation: G1PauseRemark
Event: 1.360 Executing VM operation: G1PauseRemark done
Event: 1.361 Executing VM operation: G1PauseCleanup
Event: 1.361 Executing VM operation: G1PauseCleanup done

Events (20 events):
Event: 1.321 loading class jdk/internal/vm/annotation/IntrinsicCandidate
Event: 1.322 loading class jdk/internal/vm/annotation/IntrinsicCandidate done
Event: 1.323 loading class java/util/stream/MatchOps$MatchKind
Event: 1.323 loading class java/util/stream/MatchOps$MatchKind done
Event: 1.323 loading class java/util/stream/MatchOps
Event: 1.323 loading class java/util/stream/MatchOps done
Event: 1.323 loading class java/util/stream/MatchOps$MatchOp
Event: 1.323 loading class java/util/stream/MatchOps$MatchOp done
Event: 1.323 loading class java/util/stream/MatchOps$BooleanTerminalSink
Event: 1.323 loading class java/util/stream/MatchOps$BooleanTerminalSink done
Event: 1.323 loading class java/util/stream/MatchOps$1MatchSink
Event: 1.323 loading class java/util/stream/MatchOps$1MatchSink done
Event: 1.350 loading class java/lang/invoke/MethodHandle$1
Event: 1.350 loading class java/lang/invoke/MethodHandle$1 done
Event: 1.358 loading class java/util/ConcurrentModificationException
Event: 1.358 loading class java/util/ConcurrentModificationException done
Event: 1.369 loading class sun/reflect/generics/scope/ConstructorScope
Event: 1.369 loading class sun/reflect/generics/scope/ConstructorScope done
Event: 1.369 loading class sun/reflect/generics/tree/VoidDescriptor
Event: 1.369 loading class sun/reflect/generics/tree/VoidDescriptor done


Dynamic libraries:
0x00007ff68afe0000 - 0x00007ff68afea000 	C:\Program Files\Android\Android Studio\jbr\bin\java.exe
0x00007ff877110000 - 0x00007ff877327000 	C:\Windows\SYSTEM32\ntdll.dll
0x00007ff875550000 - 0x00007ff875614000 	C:\Windows\System32\KERNEL32.DLL
0x00007ff874870000 - 0x00007ff874c1c000 	C:\Windows\System32\KERNELBASE.dll
0x00007ff874c90000 - 0x00007ff874da1000 	C:\Windows\System32\ucrtbase.dll
0x00007ff850100000 - 0x00007ff850117000 	C:\Program Files\Android\Android Studio\jbr\bin\jli.dll
0x00007ff86f6c0000 - 0x00007ff86f6db000 	C:\Program Files\Android\Android Studio\jbr\bin\VCRUNTIME140.dll
0x00007ff876f20000 - 0x00007ff8770ce000 	C:\Windows\System32\USER32.dll
0x00007ff874840000 - 0x00007ff874866000 	C:\Windows\System32\win32u.dll
0x00007ff873950000 - 0x00007ff873be3000 	C:\Windows\WinSxS\amd64_microsoft.windows.common-controls_6595b64144ccf1df_6.0.22621.3672_none_2713b9d173822955\COMCTL32.dll
0x00007ff875730000 - 0x00007ff8757d7000 	C:\Windows\System32\msvcrt.dll
0x00007ff875900000 - 0x00007ff875929000 	C:\Windows\System32\GDI32.dll
0x00007ff8745b0000 - 0x00007ff8746c9000 	C:\Windows\System32\gdi32full.dll
0x00007ff874db0000 - 0x00007ff874e4a000 	C:\Windows\System32\msvcp_win.dll
0x00007ff876ee0000 - 0x00007ff876f11000 	C:\Windows\System32\IMM32.DLL
0x00007ff86f6b0000 - 0x00007ff86f6bc000 	C:\Program Files\Android\Android Studio\jbr\bin\vcruntime140_1.dll
0x00007fffadcc0000 - 0x00007fffadd4d000 	C:\Program Files\Android\Android Studio\jbr\bin\msvcp140.dll
0x00007fffe9090000 - 0x00007fffe9d13000 	C:\Program Files\Android\Android Studio\jbr\bin\server\jvm.dll
0x00007ff876dc0000 - 0x00007ff876e72000 	C:\Windows\System32\ADVAPI32.dll
0x00007ff876470000 - 0x00007ff87651a000 	C:\Windows\System32\sechost.dll
0x00007ff874500000 - 0x00007ff874528000 	C:\Windows\System32\bcrypt.dll
0x00007ff8762d0000 - 0x00007ff8763e5000 	C:\Windows\System32\RPCRT4.dll
0x00007ff873d40000 - 0x00007ff873d8d000 	C:\Windows\SYSTEM32\POWRPROF.dll
0x00007ff86fef0000 - 0x00007ff86ff24000 	C:\Windows\SYSTEM32\WINMM.dll
0x00007ff86dfa0000 - 0x00007ff86dfa9000 	C:\Windows\SYSTEM32\WSOCK32.dll
0x00007ff8754d0000 - 0x00007ff875541000 	C:\Windows\System32\WS2_32.dll
0x00007ff8703f0000 - 0x00007ff8703fa000 	C:\Windows\SYSTEM32\VERSION.dll
0x00007ff873c10000 - 0x00007ff873c23000 	C:\Windows\SYSTEM32\UMPDC.dll
0x00007ff872510000 - 0x00007ff872528000 	C:\Windows\SYSTEM32\kernel.appcore.dll
0x00007ff873c90000 - 0x00007ff873c9a000 	C:\Program Files\Android\Android Studio\jbr\bin\jimage.dll
0x00007ff873d90000 - 0x00007ff873fc2000 	C:\Windows\SYSTEM32\DBGHELP.DLL
0x00007ff874e50000 - 0x00007ff8751d8000 	C:\Windows\System32\combase.dll
0x00007ff875930000 - 0x00007ff875a07000 	C:\Windows\System32\OLEAUT32.dll
0x00007ff873c30000 - 0x00007ff873c62000 	C:\Windows\SYSTEM32\dbgcore.DLL
0x00007ff874530000 - 0x00007ff8745ab000 	C:\Windows\System32\bcryptPrimitives.dll
0x00007ff857910000 - 0x00007ff85791e000 	C:\Program Files\Android\Android Studio\jbr\bin\instrument.dll
0x00007ff85ae30000 - 0x00007ff85ae55000 	C:\Program Files\Android\Android Studio\jbr\bin\java.dll
0x00007ff870090000 - 0x00007ff8700a8000 	C:\Program Files\Android\Android Studio\jbr\bin\zip.dll
0x00007ff875a10000 - 0x00007ff87626c000 	C:\Windows\System32\SHELL32.dll
0x00007ff871420000 - 0x00007ff871d17000 	C:\Windows\SYSTEM32\windows.storage.dll
0x00007ff8712e0000 - 0x00007ff87141f000 	C:\Windows\SYSTEM32\wintypes.dll
0x00007ff875630000 - 0x00007ff875724000 	C:\Windows\System32\SHCORE.dll
0x00007ff875380000 - 0x00007ff8753de000 	C:\Windows\System32\shlwapi.dll
0x00007ff874370000 - 0x00007ff874391000 	C:\Windows\SYSTEM32\profapi.dll
0x00007ff85ae10000 - 0x00007ff85ae29000 	C:\Program Files\Android\Android Studio\jbr\bin\net.dll
0x00007ff86ff30000 - 0x00007ff870066000 	C:\Windows\SYSTEM32\WINHTTP.dll
0x00007ff872930000 - 0x00007ff872999000 	C:\Windows\system32\mswsock.dll
0x00007ff85a390000 - 0x00007ff85a3a6000 	C:\Program Files\Android\Android Studio\jbr\bin\nio.dll
0x00007ff873c80000 - 0x00007ff873c90000 	C:\Program Files\Android\Android Studio\jbr\bin\verify.dll
0x00007ff86f6e0000 - 0x00007ff86f707000 	C:\Users\Daniel\.gradle\native\c067742578af261105cb4f569cf0c3c89f3d7b1fecec35dd04571415982c5e48\windows-amd64\native-platform.dll
0x00007fffad820000 - 0x00007fffad964000 	C:\Users\Daniel\.gradle\native\38dada09dfb8b06ba9b0570ebf7e218e3eb74d4ef43ca46872605cf95ebc2f47\windows-amd64\native-platform-file-events.dll
0x00007ff85a380000 - 0x00007ff85a389000 	C:\Program Files\Android\Android Studio\jbr\bin\management.dll
0x00007ff85a370000 - 0x00007ff85a37b000 	C:\Program Files\Android\Android Studio\jbr\bin\management_ext.dll
0x00007ff8753e0000 - 0x00007ff8753e8000 	C:\Windows\System32\PSAPI.DLL
0x00007ff8740d0000 - 0x00007ff8740eb000 	C:\Windows\SYSTEM32\CRYPTSP.dll
0x00007ff872470000 - 0x00007ff8724a5000 	C:\Windows\system32\rsaenh.dll
0x00007ff8729d0000 - 0x00007ff8729f8000 	C:\Windows\SYSTEM32\USERENV.dll
0x00007ff873500000 - 0x00007ff87350c000 	C:\Windows\SYSTEM32\CRYPTBASE.dll
0x00007ff871f80000 - 0x00007ff871fad000 	C:\Windows\SYSTEM32\IPHLPAPI.DLL
0x00007ff8758e0000 - 0x00007ff8758e9000 	C:\Windows\System32\NSI.dll
0x00007ff86eba0000 - 0x00007ff86ebb9000 	C:\Windows\SYSTEM32\dhcpcsvc6.DLL
0x00007ff86e900000 - 0x00007ff86e91f000 	C:\Windows\SYSTEM32\dhcpcsvc.DLL
0x00007ff871ff0000 - 0x00007ff8720e8000 	C:\Windows\SYSTEM32\DNSAPI.dll
0x00007ff85ae00000 - 0x00007ff85ae09000 	C:\Program Files\Android\Android Studio\jbr\bin\extnet.dll
0x00007ff85b2d0000 - 0x00007ff85b2d8000 	C:\Windows\system32\wshunix.dll

dbghelp: loaded successfully - version: 4.0.5 - missing functions: none
symbol engine: initialized successfully - sym options: 0x614 - pdb path: .;C:\Program Files\Android\Android Studio\jbr\bin;C:\Windows\SYSTEM32;C:\Windows\WinSxS\amd64_microsoft.windows.common-controls_6595b64144ccf1df_6.0.22621.3672_none_2713b9d173822955;C:\Program Files\Android\Android Studio\jbr\bin\server;C:\Users\Daniel\.gradle\native\c067742578af261105cb4f569cf0c3c89f3d7b1fecec35dd04571415982c5e48\windows-amd64;C:\Users\Daniel\.gradle\native\38dada09dfb8b06ba9b0570ebf7e218e3eb74d4ef43ca46872605cf95ebc2f47\windows-amd64

VM Arguments:
jvm_args: --add-opens=java.base/java.util=ALL-UNNAMED --add-opens=java.base/java.lang=ALL-UNNAMED --add-opens=java.base/java.lang.invoke=ALL-UNNAMED --add-opens=java.prefs/java.util.prefs=ALL-UNNAMED --add-opens=java.base/java.nio.charset=ALL-UNNAMED --add-opens=java.base/java.net=ALL-UNNAMED --add-opens=java.base/java.util.concurrent.atomic=ALL-UNNAMED -Xmx2048m -Dfile.encoding=UTF-8 -Duser.country=MX -Duser.language=es -Duser.variant -javaagent:C:\Users\Daniel\.gradle\wrapper\dists\gradle-8.6-bin\afr5mpiioh2wthjmwnkmdsd5w\gradle-8.6\lib\agents\gradle-instrumentation-agent-8.6.jar 
java_command: org.gradle.launcher.daemon.bootstrap.GradleDaemon 8.6
java_class_path (initial): C:\Users\Daniel\.gradle\wrapper\dists\gradle-8.6-bin\afr5mpiioh2wthjmwnkmdsd5w\gradle-8.6\lib\gradle-launcher-8.6.jar
Launcher Type: SUN_STANDARD

[Global flags]
     intx CICompilerCount                          = 12                                        {product} {ergonomic}
     uint ConcGCThreads                            = 3                                         {product} {ergonomic}
     uint G1ConcRefinementThreads                  = 13                                        {product} {ergonomic}
   size_t G1HeapRegionSize                         = 1048576                                   {product} {ergonomic}
    uintx GCDrainStackTargetSize                   = 64                                        {product} {ergonomic}
   size_t InitialHeapSize                          = 536870912                                 {product} {ergonomic}
   size_t MarkStackSize                            = 4194304                                   {product} {ergonomic}
   size_t MaxHeapSize                              = 2147483648                                {product} {command line}
   size_t MaxNewSize                               = 1287651328                                {product} {ergonomic}
   size_t MinHeapDeltaBytes                        = 1048576                                   {product} {ergonomic}
   size_t MinHeapSize                              = 8388608                                   {product} {ergonomic}
    uintx NonNMethodCodeHeapSize                   = 7602480                                {pd product} {ergonomic}
    uintx NonProfiledCodeHeapSize                  = 122027880                              {pd product} {ergonomic}
    uintx ProfiledCodeHeapSize                     = 122027880                              {pd product} {ergonomic}
    uintx ReservedCodeCacheSize                    = 251658240                              {pd product} {ergonomic}
     bool SegmentedCodeCache                       = true                                      {product} {ergonomic}
   size_t SoftMaxHeapSize                          = 2147483648                             {manageable} {ergonomic}
     bool UseCompressedClassPointers               = true                           {product lp64_product} {ergonomic}
     bool UseCompressedOops                        = true                           {product lp64_product} {ergonomic}
     bool UseG1GC                                  = true                                      {product} {ergonomic}
     bool UseLargePagesIndividualAllocation        = false                                  {pd product} {ergonomic}

Logging:
Log output configuration:
 #0: stdout all=warning uptime,level,tags
 #1: stderr all=off uptime,level,tags

Environment Variables:
JAVA_HOME=C:\Program Files\Java\jdk-21
PATH=C:\Program Files\Common Files\Oracle\Java\javapath;C:\Program Files (x86)\Common Files\Oracle\Java\java8path;C:\Program Files (x86)\Common Files\Oracle\Java\javapath;C:\Python312\Scripts\;C:\Python312\;C:\Windows\system32;C:\Windows;C:\Windows\System32\Wbem;C:\Windows\System32\WindowsPowerShell\v1.0\;C:\Windows\System32\OpenSSH\;C:\Program Files\dotnet\;C:\Program Files\Microsoft SQL Server\150\Tools\Binn\;C:\Program Files\Microsoft SQL Server\Client SDK\ODBC\170\Tools\Binn\;C:\Program Files (x86)\NVIDIA Corporation\PhysX\Common;C:\Program Files\NVIDIA Corporation\NVIDIA NvDLISR;C:\Program Files (x86)\Microsoft SQL Server\160\Tools\Binn\;C:\Program Files\Microsoft SQL Server\160\Tools\Binn\;C:\Program Files\Microsoft SQL Server\160\DTS\Binn\;C:\Program Files (x86)\Microsoft SQL Server\160\DTS\Binn\;C:\Program Files\Azure Data Studio\bin;C:\Program Files\MySQL\MySQL Server 8.4\bin;C:\Program Files\Java\jre-1.8\bin;C:\Program Files\nodejs\;C:\ProgramData\chocolatey\bin;C:\msys64\mingw64\bin;C:\Program Files\PowerShell\7\;C:\Program Files\Microsoft SQL Server Migration Assistant for MySQL\bin\;C:\Program Files\Git\cmd;C:\Users\Daniel\AppData\Local\Microsoft\WindowsApps;C:\Users\Daniel\AppData\Local\Programs\Microsoft VS Code\bin;C:\Users\Daniel\.dotnet\tools;C:\Program Files\JetBrains\IntelliJ IDEA 2023.3.3\bin;;C:\Program Files\Azure Data Studio\bin;C:\Users\Daniel\AppData\Roaming\npm;C:\Program Files\Java\jdk-21;C:\Program Files\JetBrains\IntelliJ IDEA Community Edition 2023.3.4\bin;;
USERNAME=Daniel
OS=Windows_NT
PROCESSOR_IDENTIFIER=AMD64 Family 25 Model 33 Stepping 0, AuthenticAMD
TMP=C:\Users\Daniel\AppData\Local\Temp
TEMP=C:\Users\Daniel\AppData\Local\Temp



Periodic native trim disabled

JNI global refs:
JNI global refs: 31, weak refs: 0

JNI global refs memory usage: 843, weak refs: 841

OOME stack traces (most recent first):
Classloader memory used:
Loader bootstrap                                                                       : 1787K
Loader org.gradle.internal.classloader.VisitableURLClassLoader                         : 838K
Loader org.gradle.initialization.MixInLegacyTypesClassLoader                           : 31068B
Loader jdk.internal.loader.ClassLoaders$AppClassLoader                                 : 28735B
Loader jdk.internal.loader.ClassLoaders$PlatformClassLoader                            : 18189B
Loader jdk.internal.reflect.DelegatingClassLoader                                      : 871B

Classes loaded by more than one classloader:
Class org.gradle.internal.installation.GradleInstallation                             : loaded 2 times (x 73B)
Class org.gradle.internal.classpath.ClassPath                                         : loaded 2 times (x 68B)
Class org.gradle.api.internal.classpath.DefaultModuleRegistry                         : loaded 2 times (x 84B)
Class org.gradle.api.Action                                                           : loaded 2 times (x 68B)
Class org.gradle.api.internal.DefaultClassPathProvider                                : loaded 2 times (x 74B)
Class org.gradle.internal.installation.GradleInstallation$1                           : loaded 2 times (x 73B)
Class org.gradle.internal.classloader.FilteringClassLoader                            : loaded 2 times (x 103B)
Class org.gradle.internal.classpath.DefaultClassPath$ImmutableUniqueList$Builder      : loaded 2 times (x 73B)
Class org.gradle.internal.classloader.ClassLoaderVisitor                              : loaded 2 times (x 74B)
Class org.gradle.internal.service.DefaultServiceLocator                               : loaded 2 times (x 81B)
Class org.gradle.internal.service.UnknownServiceException                             : loaded 2 times (x 81B)
Class org.gradle.internal.classloader.VisitableURLClassLoader$Spec                    : loaded 2 times (x 72B)
Class org.gradle.api.GradleException                                                  : loaded 2 times (x 80B)
Class org.gradle.api.internal.classpath.ModuleRegistry                                : loaded 2 times (x 68B)
Class org.gradle.api.internal.ClassPathProvider                                       : loaded 2 times (x 68B)
Class org.gradle.internal.classloader.ClasspathUtil$1                                 : loaded 2 times (x 74B)
Class org.gradle.internal.classloader.ClassLoaderFactory                              : loaded 2 times (x 68B)
Class org.gradle.api.internal.classpath.ManifestUtil                                  : loaded 2 times (x 69B)
Class org.gradle.api.specs.Spec                                                       : loaded 2 times (x 68B)
Class org.gradle.internal.IoActions                                                   : loaded 2 times (x 69B)
Class org.gradle.api.internal.classpath.EffectiveClassPath                            : loaded 2 times (x 88B)
Class org.gradle.internal.installation.CurrentGradleInstallation                      : loaded 2 times (x 71B)
Class org.gradle.internal.agents.InstrumentingClassLoader                             : loaded 2 times (x 68B)
Class org.gradle.internal.installation.CurrentGradleInstallationLocator               : loaded 2 times (x 69B)
Class org.gradle.api.internal.classpath.Module                                        : loaded 2 times (x 68B)
Class org.gradle.internal.service.CachingServiceLocator                               : loaded 2 times (x 80B)
Class org.gradle.internal.classpath.DefaultClassPath                                  : loaded 2 times (x 88B)
Class org.gradle.internal.classloader.SystemClassLoaderSpec                           : loaded 2 times (x 69B)
Class org.gradle.api.UncheckedIOException                                             : loaded 2 times (x 80B)
Class org.gradle.internal.classloader.ClasspathUtil                                   : loaded 2 times (x 69B)
Class org.gradle.api.internal.DefaultClassPathRegistry                                : loaded 2 times (x 74B)
Class org.gradle.api.internal.classpath.DefaultModuleRegistry$DefaultModule           : loaded 2 times (x 84B)
Class org.gradle.api.internal.classpath.UnknownModuleException                        : loaded 2 times (x 80B)
Class org.gradle.internal.service.ServiceLookupException                              : loaded 2 times (x 80B)
Class org.gradle.cache.GlobalCache                                                    : loaded 2 times (x 68B)
Class [Lorg.gradle.api.internal.ClassPathProvider;                                    : loaded 2 times (x 67B)
Class org.gradle.util.internal.GUtil                                                  : loaded 2 times (x 69B)
Class org.gradle.internal.classloader.ClassLoaderSpec                                 : loaded 2 times (x 69B)
Class org.gradle.internal.classloader.VisitableURLClassLoader                         : loaded 2 times (x 115B)
Class org.gradle.internal.Cast                                                        : loaded 2 times (x 69B)
Class org.gradle.api.internal.ClassPathRegistry                                       : loaded 2 times (x 68B)
Class org.gradle.internal.classloader.VisitableURLClassLoader$InstrumentingVisitableURLClassLoader: loaded 2 times (x 121B)
Class org.gradle.internal.classloader.ClassLoaderHierarchy                            : loaded 2 times (x 68B)
Class org.gradle.internal.InternalTransformer                                         : loaded 2 times (x 68B)
Class org.gradle.internal.service.ServiceLocator                                      : loaded 2 times (x 68B)
Class org.gradle.internal.classpath.DefaultClassPath$ImmutableUniqueList              : loaded 2 times (x 159B)
Class org.gradle.internal.classpath.TransformedClassPath                              : loaded 2 times (x 94B)


---------------  S Y S T E M  ---------------

OS:
 Windows 11 , 64 bit Build 22621 (10.0.22621.3672)
OS uptime: 0 days 0:10 hours
Hyper-V role detected

CPU: total 16 (initial active 16) (16 cores per cpu, 2 threads per core) family 25 model 33 stepping 0 microcode 0x0, cx8, cmov, fxsr, ht, mmx, 3dnowpref, sse, sse2, sse3, ssse3, sse4a, sse4.1, sse4.2, popcnt, lzcnt, tsc, tscinvbit, avx, avx2, aes, erms, clmul, bmi1, bmi2, adx, sha, fma, vzeroupper, clflush, clflushopt, hv
Processor Information for all 16 processors :
  Max Mhz: 3801, Current Mhz: 3801, Mhz Limit: 3801

Memory: 4k page, system-wide physical 32676M (15038M free)
TotalPageFile size 43940M (AvailPageFile size 21791M)
current process WorkingSet (physical memory assigned to process): 169M, peak: 170M
current process commit charge ("private bytes"): 280M, peak: 679M

vm_info: OpenJDK 64-Bit Server VM (17.0.10+0--11572160) for windows-amd64 JRE (17.0.10+0--11572160), built on Mar 13 2024 23:56:38 by "androidbuild" with MS VC++ 16.10 / 16.11 (VS2019)

END.
