#
# A fatal error has been detected by the Java Runtime Environment:
#
#  EXCEPTION_ACCESS_VIOLATION (0xc0000005) at pc=0x000001a21e82a4b2, pid=25996, tid=2968
#
# JRE version: OpenJDK Runtime Environment (17.0.10) (build 17.0.10+0--11572160)
# Java VM: OpenJDK 64-Bit Server VM (17.0.10+0--11572160, mixed mode, tiered, compressed oops, compressed class ptrs, g1 gc, windows-amd64)
# Problematic frame:
# j  org.gradle.internal.instantiation.generator.AbstractClassGenerator$DslMixInPropertyType.<init>(Lorg/gradle/internal/instantiation/generator/AbstractClassGenerator$ExtensibleTypePropertyHandler;)V+28
#
# No core dump will be written. Minidumps are not enabled by default on client versions of Windows
#
# If you would like to submit a bug report, please visit:
#   https://bugreport.java.com/bugreport/crash.jsp
#

---------------  S U M M A R Y ------------

Command Line: --add-opens=java.base/java.util=ALL-UNNAMED --add-opens=java.base/java.lang=ALL-UNNAMED --add-opens=java.base/java.lang.invoke=ALL-UNNAMED --add-opens=java.prefs/java.util.prefs=ALL-UNNAMED --add-opens=java.base/java.nio.charset=ALL-UNNAMED --add-opens=java.base/java.net=ALL-UNNAMED --add-opens=java.base/java.util.concurrent.atomic=ALL-UNNAMED -Xmx2048m -Dfile.encoding=UTF-8 -Duser.country=MX -Duser.language=es -Duser.variant -javaagent:C:\Users\Daniel\.gradle\wrapper\dists\gradle-8.6-bin\afr5mpiioh2wthjmwnkmdsd5w\gradle-8.6\lib\agents\gradle-instrumentation-agent-8.6.jar org.gradle.launcher.daemon.bootstrap.GradleDaemon 8.6

Host: AMD Ryzen 7 5800X 8-Core Processor             , 16 cores, 31G,  Windows 11 , 64 bit Build 22621 (10.0.22621.3672)
Time: Wed Jun 12 13:21:11 2024 Hora estándar central (México) elapsed time: 1.270476 seconds (0d 0h 0m 1s)

---------------  T H R E A D  ---------------

Current thread (0x000001a235795820):  JavaThread "Daemon worker" [_thread_in_Java, id=2968, stack(0x0000009b6a100000,0x0000009b6a200000)]

Stack: [0x0000009b6a100000,0x0000009b6a200000],  sp=0x0000009b6a1fba60,  free space=1006k
Native frames: (J=compiled Java code, j=interpreted, Vv=VM code, C=native code)
C  0x000001a21e82a4b2

The last pc belongs to invokestatic (printed below).

siginfo: EXCEPTION_ACCESS_VIOLATION (0xc0000005), reading address 0xffffffffffffffff


Registers:
RAX=0x0000000083987fb8, RBX=0x000081a23025b978, RCX=0x000001a2302594c8, RDX=0x0000000000000014
RSP=0x0000009b6a1fba60, RBP=0x0000009b6a1fbab0, RSI=0x000001a22f2b4f68, RDI=0x000000000005a180
R8 =0x0000000000000000, R9 =0x0000000000000008, R10=0x00007fffe9c4a680, R11=0x000001a2173eafe0
R12=0x0000000000000000, R13=0x000001a230256f9c, R14=0x0000009b6a1fbac8, R15=0x000001a235795820
RIP=0x000001a21e82a4b2, EFLAGS=0x0000000000010246


Register to memory mapping:

RIP=0x000001a21e82a4b2 is at code_begin+274 in an Interpreter codelet
invokestatic  184 invokestatic  [0x000001a21e82a3a0, 0x000001a21e82a660]  704 bytes
RAX=0x0000000083987fb8 is an oop: org.gradle.internal.instantiation.generator.AbstractClassGenerator$DslMixInPropertyType 
{0x0000000083987fb8} - klass: 'org/gradle/internal/instantiation/generator/AbstractClassGenerator$DslMixInPropertyType'
 - ---- fields (total size 4 words):
 - private 'providesOwnDynamicObject' 'Z' @12  false
 - private 'needDynamicAware' 'Z' @13  false
 - private 'needGroovyObject' 'Z' @14  false
 - private 'providesOwnToString' 'Z' @15  false
 - private final 'extensibleTypeHandler' 'Lorg/gradle/internal/instantiation/generator/AbstractClassGenerator$ExtensibleTypePropertyHandler;' @16  NULL (0)
 - private final 'mutableProperties' 'Ljava/util/List;' @20  a 'java/util/ArrayList'{0x0000000083987fd8} (83987fd8)
 - private final 'actionMethods' 'Lorg/gradle/internal/reflect/MethodSet;' @24  a 'org/gradle/internal/reflect/MethodSet'{0x0000000083987ff0} (83987ff0)
 - private final 'closureMethods' 'Lcom/google/common/collect/SetMultimap;' @28  NULL (0)
RBX=0x000081a23025b978 is an unknown value
RCX=0x000001a2302594c8 is pointing into metadata
RDX=0x0000000000000014 is an unknown value
RSP=0x0000009b6a1fba60 is pointing into the stack for thread: 0x000001a235795820
RBP=0x0000009b6a1fbab0 is pointing into the stack for thread: 0x000001a235795820
RSI=0x000001a22f2b4f68 is pointing into metadata
RDI=0x000000000005a180 is an unknown value
R8 =0x0 is NULL
R9 =0x0000000000000008 is an unknown value
R10=0x00007fffe9c4a680 jvm.dll
R11=0x000001a2173eafe0 is at entry_point+32 in (nmethod*)0x000001a2173eae10
Compiled method (c1)    1282  141       3       java.util.HashMap::<init> (11 bytes)
 total in heap  [0x000001a2173eae10,0x000001a2173eb238] = 1064
 relocation     [0x000001a2173eaf68,0x000001a2173eafa8] = 64
 main code      [0x000001a2173eafc0,0x000001a2173eb160] = 416
 stub code      [0x000001a2173eb160,0x000001a2173eb198] = 56
 metadata       [0x000001a2173eb198,0x000001a2173eb1b8] = 32
 scopes data    [0x000001a2173eb1b8,0x000001a2173eb1e0] = 40
 scopes pcs     [0x000001a2173eb1e0,0x000001a2173eb230] = 80
 dependencies   [0x000001a2173eb230,0x000001a2173eb238] = 8
R12=0x0 is NULL
R13=0x000001a230256f9c is pointing into metadata
R14=0x0000009b6a1fbac8 is pointing into the stack for thread: 0x000001a235795820
R15=0x000001a235795820 is a thread


Top of Stack: (sp=0x0000009b6a1fba60)
0x0000009b6a1fba60:   0000000083987fb8 0000009b6a1fba68
0x0000009b6a1fba70:   000001a230256f9c 0000009b6a1fbac8
0x0000009b6a1fba80:   000001a2302594c8 0000000000000000
0x0000009b6a1fba90:   000000009cd12af0 000001a230256fd8
0x0000009b6a1fbaa0:   0000000000000000 0000009b6a1fbac0
0x0000009b6a1fbab0:   0000009b6a1fbb20 000001a21e8194ec
0x0000009b6a1fbac0:   0000000083987f80 0000000083987fb8
0x0000009b6a1fbad0:   0000000083987fb8 0000009b6a1fbad8
0x0000009b6a1fbae0:   000001a2300a0639 0000009b6a1fbbc8
0x0000009b6a1fbaf0:   000001a2300b1738 0000000000000000
0x0000009b6a1fbb00:   000000009cd12c38 000001a2300a0a78
0x0000009b6a1fbb10:   0000009b6a1fbac0 0000009b6a1fbbc0
0x0000009b6a1fbb20:   0000009b6a1fbc18 000001a21e819645
0x0000009b6a1fbb30:   0000000000000000 0000000000000000
0x0000009b6a1fbb40:   0000000000000000 0000000000000000
0x0000009b6a1fbb50:   0000000000000000 0000000000000000
0x0000009b6a1fbb60:   0000000000000000 0000000000000000
0x0000009b6a1fbb70:   0000000000000000 0000000000000000
0x0000009b6a1fbb80:   0000000000000000 0000000083987f80
0x0000009b6a1fbb90:   0000000083987f70 0000000083987ee8
0x0000009b6a1fbba0:   0000000083987ec0 0000000083987e90
0x0000009b6a1fbbb0:   0000000083987e80 0000000083987e68
0x0000009b6a1fbbc0:   0000000083987cd8 000000009cd12cb0
0x0000009b6a1fbbd0:   0000009b6a1fbbd0 000001a2300de018
0x0000009b6a1fbbe0:   0000009b6a1fbc30 000001a2300de0b0
0x0000009b6a1fbbf0:   0000000000000000 000000009cd12eb0
0x0000009b6a1fbc00:   000001a2300de020 0000009b6a1fbbc0
0x0000009b6a1fbc10:   0000009b6a1fbc28 0000009b6a1fbc90
0x0000009b6a1fbc20:   000001a21e819a97 0000000083987cd8
0x0000009b6a1fbc30:   000000009cd12f20 0000000000000009
0x0000009b6a1fbc40:   000000009cd12f30 0000009b6a1fbc38
0x0000009b6a1fbc50:   000001a2300dbfd2 0000009b6a1fbcc8 

Instructions: (pc=0x000001a21e82a4b2)
0x000001a21e82a3b2:   04 24 eb 14 48 83 ec 10 48 89 04 24 48 c7 44 24
0x000001a21e82a3c2:   08 00 00 00 00 eb 01 50 4c 89 6d c0 41 0f b7 55
0x000001a21e82a3d2:   01 48 8b 4d d0 c1 e2 02 8b 5c d1 20 c1 eb 10 81
0x000001a21e82a3e2:   e3 ff 00 00 00 81 fb b8 00 00 00 0f 84 b6 00 00
0x000001a21e82a3f2:   00 bb b8 00 00 00 e8 05 00 00 00 e9 9b 00 00 00
0x000001a21e82a402:   48 8b d3 48 8d 44 24 08 4c 89 6d c0 49 8b cf c5
0x000001a21e82a412:   f8 77 49 89 af a8 02 00 00 49 89 87 98 02 00 00
0x000001a21e82a422:   48 83 ec 20 f7 c4 0f 00 00 00 0f 84 1a 00 00 00
0x000001a21e82a432:   48 83 ec 08 49 ba f0 b4 41 e9 ff 7f 00 00 41 ff
0x000001a21e82a442:   d2 48 83 c4 08 e9 0d 00 00 00 49 ba f0 b4 41 e9
0x000001a21e82a452:   ff 7f 00 00 41 ff d2 48 83 c4 20 49 c7 87 98 02
0x000001a21e82a462:   00 00 00 00 00 00 49 c7 87 a8 02 00 00 00 00 00
0x000001a21e82a472:   00 49 c7 87 a0 02 00 00 00 00 00 00 c5 f8 77 49
0x000001a21e82a482:   81 7f 08 00 00 00 00 0f 84 05 00 00 00 e9 6c 6a
0x000001a21e82a492:   fe ff 4c 8b 6d c0 4c 8b 75 c8 c3 41 0f b7 55 01
0x000001a21e82a4a2:   48 8b 4d d0 c1 e2 02 48 8b 5c d1 28 48 8b 5b 08
0x000001a21e82a4b2:   48 8b 5b 08 48 8b 5b 18 80 bb 5b 01 00 00 04 0f
0x000001a21e82a4c2:   84 0d 00 00 00 4c 3b bb 60 01 00 00 0f 85 1f ff
0x000001a21e82a4d2:   ff ff 48 8b 5c d1 28 8b 54 d1 38 c1 ea 1c 49 ba
0x000001a21e82a4e2:   90 65 c4 e9 ff 7f 00 00 49 8b 14 d2 52 48 8b 45
0x000001a21e82a4f2:   d8 48 85 c0 0f 84 12 00 00 00 48 83 40 08 01 48
0x000001a21e82a502:   83 58 08 00 48 83 c0 10 48 89 45 d8 48 8b 45 d8
0x000001a21e82a512:   48 85 c0 0f 84 23 01 00 00 80 78 f0 0a 0f 85 19
0x000001a21e82a522:   01 00 00 48 83 c0 08 4c 8b 68 f8 41 83 ed 00 41
0x000001a21e82a532:   83 fd 02 0f 8c f8 00 00 00 4c 8b 6b 08 45 0f b7
0x000001a21e82a542:   6d 2c 4c 2b 28 41 83 ed 01 4e 8b 6c ec 08 4d 85
0x000001a21e82a552:   ed 75 07 48 83 48 08 01 eb 4a 45 8b 6d 08 49 c1
0x000001a21e82a562:   e5 03 4c 33 68 08 49 f7 c5 fc ff ff ff 74 35 49
0x000001a21e82a572:   f7 c5 02 00 00 00 75 2c 48 81 78 08 00 00 00 00
0x000001a21e82a582:   74 1e 48 81 78 08 01 00 00 00 74 14 4c 33 68 08
0x000001a21e82a592:   49 f7 c5 fc ff ff ff 74 0b 48 83 48 08 02 eb 04
0x000001a21e82a5a2:   4c 89 68 08 48 83 c0 10 4c 8b 68 e8 41 83 ed 02 


Stack slot to memory mapping:
stack at sp + 0 slots: 0x0000000083987fb8 is an oop: org.gradle.internal.instantiation.generator.AbstractClassGenerator$DslMixInPropertyType 
{0x0000000083987fb8} - klass: 'org/gradle/internal/instantiation/generator/AbstractClassGenerator$DslMixInPropertyType'
 - ---- fields (total size 4 words):
 - private 'providesOwnDynamicObject' 'Z' @12  false
 - private 'needDynamicAware' 'Z' @13  false
 - private 'needGroovyObject' 'Z' @14  false
 - private 'providesOwnToString' 'Z' @15  false
 - private final 'extensibleTypeHandler' 'Lorg/gradle/internal/instantiation/generator/AbstractClassGenerator$ExtensibleTypePropertyHandler;' @16  NULL (0)
 - private final 'mutableProperties' 'Ljava/util/List;' @20  a 'java/util/ArrayList'{0x0000000083987fd8} (83987fd8)
 - private final 'actionMethods' 'Lorg/gradle/internal/reflect/MethodSet;' @24  a 'org/gradle/internal/reflect/MethodSet'{0x0000000083987ff0} (83987ff0)
 - private final 'closureMethods' 'Lcom/google/common/collect/SetMultimap;' @28  NULL (0)
stack at sp + 1 slots: 0x0000009b6a1fba68 is pointing into the stack for thread: 0x000001a235795820
stack at sp + 2 slots: 0x000001a230256f9c is pointing into metadata
stack at sp + 3 slots: 0x0000009b6a1fbac8 is pointing into the stack for thread: 0x000001a235795820
stack at sp + 4 slots: 0x000001a2302594c8 is pointing into metadata
stack at sp + 5 slots: 0x0 is NULL
stack at sp + 6 slots: 0x000000009cd12af0 is an oop: java.lang.Class 
{0x000000009cd12af0} - klass: 'java/lang/Class'
 - ---- fields (total size 14 words):
 - private volatile transient 'classRedefinedCount' 'I' @12  0
 - private volatile transient 'cachedConstructor' 'Ljava/lang/reflect/Constructor;' @40  NULL (0)
 - private transient 'name' 'Ljava/lang/String;' @44  "org.gradle.internal.instantiation.generator.AbstractClassGenerator$DslMixInPropertyType"{0x000000009c8cae98} (9c8cae98)
 - private transient 'module' 'Ljava/lang/Module;' @48  a 'java/lang/Module'{0x00000000806c1438} (806c1438)
 - private final 'classLoader' 'Ljava/lang/ClassLoader;' @52  a 'org/gradle/internal/classloader/VisitableURLClassLoader'{0x00000000806c1470} (806c1470)
 - private transient 'classData' 'Ljava/lang/Object;' @56  NULL (0)
 - private transient 'packageName' 'Ljava/lang/String;' @60  "org.gradle.internal.instantiation.generator"{0x000000009cd9b850} (9cd9b850)
 - private final 'componentType' 'Ljava/lang/Class;' @64  NULL (0)
 - private volatile transient 'reflectionData' 'Ljava/lang/ref/SoftReference;' @68  NULL (0)
 - private volatile transient 'genericInfo' 'Lsun/reflect/generics/repository/ClassRepository;' @72  NULL (0)
 - private volatile transient 'enumConstants' '[Ljava/lang/Object;' @76  NULL (0)
 - private volatile transient 'enumConstantDirectory' 'Ljava/util/Map;' @80  NULL (0)
 - private volatile transient 'annotationData' 'Ljava/lang/Class$AnnotationData;' @84  NULL (0)
 - private volatile transient 'annotationType' 'Lsun/reflect/annotation/AnnotationType;' @88  NULL (0)
 - transient 'classValueMap' 'Ljava/lang/ClassValue$ClassValueMap;' @92  NULL (0)
 - signature: Lorg/gradle/internal/instantiation/generator/AbstractClassGenerator$DslMixInPropertyType;
 - fake entry for mirror: 'org/gradle/internal/instantiation/generator/AbstractClassGenerator$DslMixInPropertyType'
 - fake entry for array: NULL
 - fake entry for oop_size: 14
 - fake entry for static_oop_field_count: 0
stack at sp + 7 slots: {method} {0x000001a230256fe0} '<init>' '(Lorg/gradle/internal/instantiation/generator/AbstractClassGenerator$ExtensibleTypePropertyHandler;)V' in 'org/gradle/internal/instantiation/generator/AbstractClassGenerator$DslMixInPropertyType'

invokestatic  184 invokestatic  [0x000001a21e82a3a0, 0x000001a21e82a660]  704 bytes
[MachCode]
  0x000001a21e82a3a0: 4883 ec08 | c5fa 1104 | 24eb 1f48 | 83ec 10c5 | fb11 0424 | eb14 4883 | ec10 4889 | 0424 48c7 
  0x000001a21e82a3c0: 4424 0800 | 0000 00eb | 0150 4c89 | 6dc0 410f | b755 0148 | 8b4d d0c1 | e202 8b5c | d120 c1eb 
  0x000001a21e82a3e0: 1081 e3ff | 0000 0081 | fbb8 0000 | 000f 84b6 | 0000 00bb | b800 0000 | e805 0000 | 00e9 9b00 
  0x000001a21e82a400: 0000 488b | d348 8d44 | 2408 4c89 | 6dc0 498b | cfc5 f877 | 4989 afa8 | 0200 0049 | 8987 9802 
  0x000001a21e82a420: 0000 4883 | ec20 f7c4 | 0f00 0000 | 0f84 1a00 | 0000 4883 | ec08 49ba | f0b4 41e9 | ff7f 0000 
  0x000001a21e82a440: 41ff d248 | 83c4 08e9 | 0d00 0000 | 49ba f0b4 | 41e9 ff7f | 0000 41ff | d248 83c4 | 2049 c787 
  0x000001a21e82a460: 9802 0000 | 0000 0000 | 49c7 87a8 | 0200 0000 | 0000 0049 | c787 a002 | 0000 0000 | 0000 c5f8 
  0x000001a21e82a480: 7749 817f | 0800 0000 | 000f 8405 | 0000 00e9 | 6c6a feff | 4c8b 6dc0 | 4c8b 75c8 | c341 0fb7 
  0x000001a21e82a4a0: 5501 488b | 4dd0 c1e2 | 0248 8b5c | d128 488b | 5b08 488b | 5b08 488b | 5b18 80bb | 5b01 0000 
  0x000001a21e82a4c0: 040f 840d | 0000 004c | 3bbb 6001 | 0000 0f85 | 1fff ffff | 488b 5cd1 | 288b 54d1 | 38c1 ea1c 
  0x000001a21e82a4e0: 49ba 9065 | c4e9 ff7f | 0000 498b | 14d2 5248 | 8b45 d848 | 85c0 0f84 | 1200 0000 | 4883 4008 
  0x000001a21e82a500: 0148 8358 | 0800 4883 | c010 4889 | 45d8 488b | 45d8 4885 | c00f 8423 | 0100 0080 | 78f0 0a0f 
  0x000001a21e82a520: 8519 0100 | 0048 83c0 | 084c 8b68 | f841 83ed | 0041 83fd | 020f 8cf8 | 0000 004c | 8b6b 0845 
  0x000001a21e82a540: 0fb7 6d2c | 4c2b 2841 | 83ed 014e | 8b6c ec08 | 4d85 ed75 | 0748 8348 | 0801 eb4a | 458b 6d08 
  0x000001a21e82a560: 49c1 e503 | 4c33 6808 | 49f7 c5fc | ffff ff74 | 3549 f7c5 | 0200 0000 | 752c 4881 | 7808 0000 
  0x000001a21e82a580: 0000 741e | 4881 7808 | 0100 0000 | 7414 4c33 | 6808 49f7 | c5fc ffff | ff74 0b48 | 8348 0802 
  0x000001a21e82a5a0: eb04 4c89 | 6808 4883 | c010 4c8b | 68e8 4183 | ed02 4183 | fd02 0f8c | 7700 0000 | 4c8b 6b08 
  0x000001a21e82a5c0: 450f b76d | 2c4c 2b28 | 4183 ed01 | 4e8b 6cec | 084d 85ed | 7507 4883 | 4808 01eb | 4a45 8b6d 
  0x000001a21e82a5e0: 0849 c1e5 | 034c 3368 | 0849 f7c5 | fcff ffff | 7435 49f7 | c502 0000 | 0075 2c48 | 8178 0800 
  0x000001a21e82a600: 0000 0074 | 1e48 8178 | 0801 0000 | 0074 144c | 3368 0849 | f7c5 fcff | ffff 740b | 4883 4808 
  0x000001a21e82a620: 02eb 044c | 8968 0848 | 83c0 104c | 8b68 d841 | 83ed 0441 | c1e5 0349 | 03c5 4889 | 45d8 4c8d 
  0x000001a21e82a640: 6c24 084c | 896d f0ff | 6360 660f | 1f44 0000 | 0000 0000 | 0000 0000 | 0000 0000 | 0000 0000 
[/MachCode]

---------------  P R O C E S S  ---------------

Threads class SMR info:
_java_thread_list=0x000001a235a46e30, length=29, elements={
0x000001a213eee230, 0x000001a22ea09a00, 0x000001a22ea0b890, 0x000001a22ea15b80,
0x000001a22ea5e2f0, 0x000001a22ea60020, 0x000001a22ea629f0, 0x000001a22ea63790,
0x000001a22ea6f750, 0x000001a22ea70150, 0x000001a22e9da0b0, 0x000001a22ec08ce0,
0x000001a22ecfb640, 0x000001a233164490, 0x000001a2334f1fe0, 0x000001a233238d30,
0x000001a2334222b0, 0x000001a234ad7ba0, 0x000001a234837630, 0x000001a235576570,
0x000001a234c19910, 0x000001a234df1cf0, 0x000001a234b15150, 0x000001a2352c3ff0,
0x000001a23564b9c0, 0x000001a235795820, 0x000001a2345c6020, 0x000001a2345c5600,
0x000001a2345c5b10
}

Java Threads: ( => current thread )
  0x000001a213eee230 JavaThread "main" [_thread_blocked, id=25992, stack(0x0000009b67600000,0x0000009b67700000)]
  0x000001a22ea09a00 JavaThread "Reference Handler" daemon [_thread_blocked, id=14560, stack(0x0000009b67d00000,0x0000009b67e00000)]
  0x000001a22ea0b890 JavaThread "Finalizer" daemon [_thread_blocked, id=25964, stack(0x0000009b67e00000,0x0000009b67f00000)]
  0x000001a22ea15b80 JavaThread "Signal Dispatcher" daemon [_thread_blocked, id=16040, stack(0x0000009b67f00000,0x0000009b68000000)]
  0x000001a22ea5e2f0 JavaThread "Attach Listener" daemon [_thread_blocked, id=10008, stack(0x0000009b68000000,0x0000009b68100000)]
  0x000001a22ea60020 JavaThread "Service Thread" daemon [_thread_blocked, id=5636, stack(0x0000009b68100000,0x0000009b68200000)]
  0x000001a22ea629f0 JavaThread "Monitor Deflation Thread" daemon [_thread_blocked, id=1352, stack(0x0000009b68200000,0x0000009b68300000)]
  0x000001a22ea63790 JavaThread "C2 CompilerThread0" daemon [_thread_blocked, id=26396, stack(0x0000009b68300000,0x0000009b68400000)]
  0x000001a22ea6f750 JavaThread "C1 CompilerThread0" daemon [_thread_blocked, id=12648, stack(0x0000009b68400000,0x0000009b68500000)]
  0x000001a22ea70150 JavaThread "Sweeper thread" daemon [_thread_blocked, id=7976, stack(0x0000009b68500000,0x0000009b68600000)]
  0x000001a22e9da0b0 JavaThread "Common-Cleaner" daemon [_thread_blocked, id=8924, stack(0x0000009b68600000,0x0000009b68700000)]
  0x000001a22ec08ce0 JavaThread "C1 CompilerThread1" daemon [_thread_blocked, id=26064, stack(0x0000009b68700000,0x0000009b68800000)]
  0x000001a22ecfb640 JavaThread "Notification Thread" daemon [_thread_blocked, id=9312, stack(0x0000009b68800000,0x0000009b68900000)]
  0x000001a233164490 JavaThread "C2 CompilerThread1" daemon [_thread_blocked, id=16368, stack(0x0000009b68a00000,0x0000009b68b00000)]
  0x000001a2334f1fe0 JavaThread "C2 CompilerThread2" daemon [_thread_blocked, id=2128, stack(0x0000009b68b00000,0x0000009b68c00000)]
  0x000001a233238d30 JavaThread "C2 CompilerThread3" daemon [_thread_blocked, id=13256, stack(0x0000009b68c00000,0x0000009b68d00000)]
  0x000001a2334222b0 JavaThread "C2 CompilerThread4" daemon [_thread_blocked, id=10928, stack(0x0000009b68d00000,0x0000009b68e00000)]
  0x000001a234ad7ba0 JavaThread "C1 CompilerThread2" daemon [_thread_blocked, id=6116, stack(0x0000009b68e00000,0x0000009b68f00000)]
  0x000001a234837630 JavaThread "C1 CompilerThread3" daemon [_thread_blocked, id=3700, stack(0x0000009b68f00000,0x0000009b69000000)]
  0x000001a235576570 JavaThread "Daemon health stats" [_thread_blocked, id=17860, stack(0x0000009b69b00000,0x0000009b69c00000)]
  0x000001a234c19910 JavaThread "Incoming local TCP Connector on port 51124" [_thread_in_native, id=17108, stack(0x0000009b69c00000,0x0000009b69d00000)]
  0x000001a234df1cf0 JavaThread "Daemon periodic checks" [_thread_blocked, id=25340, stack(0x0000009b69d00000,0x0000009b69e00000)]
  0x000001a234b15150 JavaThread "Daemon" [_thread_blocked, id=8968, stack(0x0000009b69e00000,0x0000009b69f00000)]
  0x000001a2352c3ff0 JavaThread "Handler for socket connection from /127.0.0.1:51124 to /127.0.0.1:51125" [_thread_in_native, id=2852, stack(0x0000009b69f00000,0x0000009b6a000000)]
  0x000001a23564b9c0 JavaThread "Cancel handler" [_thread_blocked, id=7020, stack(0x0000009b6a000000,0x0000009b6a100000)]
=>0x000001a235795820 JavaThread "Daemon worker" [_thread_in_Java, id=2968, stack(0x0000009b6a100000,0x0000009b6a200000)]
  0x000001a2345c6020 JavaThread "Asynchronous log dispatcher for DefaultDaemonConnection: socket connection from /127.0.0.1:51124 to /127.0.0.1:51125" [_thread_blocked, id=26248, stack(0x0000009b6a200000,0x0000009b6a300000)]
  0x000001a2345c5600 JavaThread "Stdin handler" [_thread_blocked, id=13468, stack(0x0000009b6a300000,0x0000009b6a400000)]
  0x000001a2345c5b10 JavaThread "Daemon client event forwarder" [_thread_blocked, id=5996, stack(0x0000009b6a400000,0x0000009b6a500000)]

Other Threads:
  0x000001a22e8feb60 VMThread "VM Thread" [stack: 0x0000009b67c00000,0x0000009b67d00000] [id=25464]
  0x000001a22ecfbb20 WatcherThread [stack: 0x0000009b68900000,0x0000009b68a00000] [id=4332]
  0x000001a213f4bc90 GCTaskThread "GC Thread#0" [stack: 0x0000009b67700000,0x0000009b67800000] [id=14808]
  0x000001a2354db540 GCTaskThread "GC Thread#1" [stack: 0x0000009b69000000,0x0000009b69100000] [id=4304]
  0x000001a2354db800 GCTaskThread "GC Thread#2" [stack: 0x0000009b69100000,0x0000009b69200000] [id=12508]
  0x000001a23472b120 GCTaskThread "GC Thread#3" [stack: 0x0000009b69200000,0x0000009b69300000] [id=25920]
  0x000001a23472b3e0 GCTaskThread "GC Thread#4" [stack: 0x0000009b69300000,0x0000009b69400000] [id=25540]
  0x000001a2335edb00 GCTaskThread "GC Thread#5" [stack: 0x0000009b69400000,0x0000009b69500000] [id=1540]
  0x000001a2335eddc0 GCTaskThread "GC Thread#6" [stack: 0x0000009b69500000,0x0000009b69600000] [id=10820]
  0x000001a2335ee080 GCTaskThread "GC Thread#7" [stack: 0x0000009b69600000,0x0000009b69700000] [id=21920]
  0x000001a2350735d0 GCTaskThread "GC Thread#8" [stack: 0x0000009b69700000,0x0000009b69800000] [id=26380]
  0x000001a235073890 GCTaskThread "GC Thread#9" [stack: 0x0000009b69800000,0x0000009b69900000] [id=13396]
  0x000001a2351855d0 GCTaskThread "GC Thread#10" [stack: 0x0000009b69900000,0x0000009b69a00000] [id=25544]
  0x000001a235185890 GCTaskThread "GC Thread#11" [stack: 0x0000009b69a00000,0x0000009b69b00000] [id=5500]
  0x000001a2354ff680 GCTaskThread "GC Thread#12" [stack: 0x0000009b6a500000,0x0000009b6a600000] [id=5316]
  0x000001a213f5cbe0 ConcurrentGCThread "G1 Main Marker" [stack: 0x0000009b67800000,0x0000009b67900000] [id=25100]
  0x000001a213f5dda0 ConcurrentGCThread "G1 Conc#0" [stack: 0x0000009b67900000,0x0000009b67a00000] [id=5020]
  0x000001a2354fe8c0 ConcurrentGCThread "G1 Conc#1" [stack: 0x0000009b6a600000,0x0000009b6a700000] [id=5940]
  0x000001a2354ff940 ConcurrentGCThread "G1 Conc#2" [stack: 0x0000009b6a700000,0x0000009b6a800000] [id=2680]
  0x000001a22e857750 ConcurrentGCThread "G1 Refine#0" [stack: 0x0000009b67a00000,0x0000009b67b00000] [id=26044]
  0x000001a22e858090 ConcurrentGCThread "G1 Service" [stack: 0x0000009b67b00000,0x0000009b67c00000] [id=14144]

Threads with active compile tasks:

VM state: not at safepoint (normal execution)

VM Mutex/Monitor currently owned by a thread: None

Heap address: 0x0000000080000000, size: 2048 MB, Compressed Oops mode: 32-bit

CDS archive(s) not mapped
Compressed class space mapped at: 0x0000000100000000-0x0000000140000000, reserved size: 1073741824
Narrow klass base: 0x0000000000000000, Narrow klass shift: 3, Narrow klass range: 0x140000000

GC Precious Log:
 CPUs: 16 total, 16 available
 Memory: 32676M
 Large Page Support: Disabled
 NUMA Support: Disabled
 Compressed Oops: Enabled (32-bit)
 Heap Region Size: 1M
 Heap Min Capacity: 8M
 Heap Initial Capacity: 512M
 Heap Max Capacity: 2G
 Pre-touch: Disabled
 Parallel Workers: 13
 Concurrent Workers: 3
 Concurrent Refinement Workers: 13
 Periodic GC: Disabled

Heap:
 garbage-first heap   total 68608K, used 19762K [0x0000000080000000, 0x0000000100000000)
  region size 1024K, 10 young (10240K), 8 survivors (8192K)
 Metaspace       used 21506K, committed 21760K, reserved 1114112K
  class space    used 2592K, committed 2688K, reserved 1048576K

Heap Regions: E=young(eden), S=young(survivor), O=old, HS=humongous(starts), HC=humongous(continues), CS=collection set, F=free, OA=open archive, CA=closed archive, TAMS=top-at-mark-start (previous, next)
|   0|0x0000000080000000, 0x0000000080100000, 0x0000000080100000|100%|HS|  |TAMS 0x0000000080100000, 0x0000000080000000| Complete 
|   1|0x0000000080100000, 0x0000000080200000, 0x0000000080200000|100%|HC|  |TAMS 0x0000000080200000, 0x0000000080100000| Complete 
|   2|0x0000000080200000, 0x0000000080300000, 0x0000000080300000|100%|HC|  |TAMS 0x0000000080300000, 0x0000000080200000| Complete 
|   3|0x0000000080300000, 0x0000000080400000, 0x0000000080400000|100%|HC|  |TAMS 0x0000000080400000, 0x0000000080300000| Complete 
|   4|0x0000000080400000, 0x0000000080500000, 0x0000000080500000|100%| O|  |TAMS 0x0000000080500000, 0x0000000080400000| Untracked 
|   5|0x0000000080500000, 0x0000000080600000, 0x0000000080600000|100%| O|  |TAMS 0x0000000080600000, 0x0000000080500000| Untracked 
|   6|0x0000000080600000, 0x0000000080700000, 0x0000000080700000|100%| O|  |TAMS 0x0000000080700000, 0x0000000080600000| Untracked 
|   7|0x0000000080700000, 0x0000000080800000, 0x0000000080800000|100%| O|  |TAMS 0x0000000080800000, 0x0000000080700000| Untracked 
|   8|0x0000000080800000, 0x0000000080900000, 0x0000000080900000|100%| O|  |TAMS 0x0000000080900000, 0x0000000080800000| Untracked 
|   9|0x0000000080900000, 0x0000000080a00000, 0x0000000080a00000|100%| O|  |TAMS 0x0000000080a00000, 0x0000000080900000| Untracked 
|  10|0x0000000080a00000, 0x0000000080a64400, 0x0000000080b00000| 39%| O|  |TAMS 0x0000000080a64400, 0x0000000080a00000| Untracked 
|  11|0x0000000080b00000, 0x0000000080b00000, 0x0000000080c00000|  0%| F|  |TAMS 0x0000000080b00000, 0x0000000080b00000| Untracked 
|  12|0x0000000080c00000, 0x0000000080c00000, 0x0000000080d00000|  0%| F|  |TAMS 0x0000000080c00000, 0x0000000080c00000| Untracked 
|  13|0x0000000080d00000, 0x0000000080d00000, 0x0000000080e00000|  0%| F|  |TAMS 0x0000000080d00000, 0x0000000080d00000| Untracked 
|  14|0x0000000080e00000, 0x0000000080e00000, 0x0000000080f00000|  0%| F|  |TAMS 0x0000000080e00000, 0x0000000080e00000| Untracked 
|  15|0x0000000080f00000, 0x0000000080f00000, 0x0000000081000000|  0%| F|  |TAMS 0x0000000080f00000, 0x0000000080f00000| Untracked 
|  16|0x0000000081000000, 0x0000000081000000, 0x0000000081100000|  0%| F|  |TAMS 0x0000000081000000, 0x0000000081000000| Untracked 
|  17|0x0000000081100000, 0x0000000081100000, 0x0000000081200000|  0%| F|  |TAMS 0x0000000081100000, 0x0000000081100000| Untracked 
|  18|0x0000000081200000, 0x0000000081200000, 0x0000000081300000|  0%| F|  |TAMS 0x0000000081200000, 0x0000000081200000| Untracked 
|  19|0x0000000081300000, 0x0000000081300000, 0x0000000081400000|  0%| F|  |TAMS 0x0000000081300000, 0x0000000081300000| Untracked 
|  20|0x0000000081400000, 0x0000000081400000, 0x0000000081500000|  0%| F|  |TAMS 0x0000000081400000, 0x0000000081400000| Untracked 
|  21|0x0000000081500000, 0x0000000081500000, 0x0000000081600000|  0%| F|  |TAMS 0x0000000081500000, 0x0000000081500000| Untracked 
|  22|0x0000000081600000, 0x0000000081600000, 0x0000000081700000|  0%| F|  |TAMS 0x0000000081600000, 0x0000000081600000| Untracked 
|  23|0x0000000081700000, 0x0000000081700000, 0x0000000081800000|  0%| F|  |TAMS 0x0000000081700000, 0x0000000081700000| Untracked 
|  24|0x0000000081800000, 0x0000000081800000, 0x0000000081900000|  0%| F|  |TAMS 0x0000000081800000, 0x0000000081800000| Untracked 
|  25|0x0000000081900000, 0x0000000081900000, 0x0000000081a00000|  0%| F|  |TAMS 0x0000000081900000, 0x0000000081900000| Untracked 
|  26|0x0000000081a00000, 0x0000000081a00000, 0x0000000081b00000|  0%| F|  |TAMS 0x0000000081a00000, 0x0000000081a00000| Untracked 
|  27|0x0000000081b00000, 0x0000000081b00000, 0x0000000081c00000|  0%| F|  |TAMS 0x0000000081b00000, 0x0000000081b00000| Untracked 
|  28|0x0000000081c00000, 0x0000000081c00000, 0x0000000081d00000|  0%| F|  |TAMS 0x0000000081c00000, 0x0000000081c00000| Untracked 
|  29|0x0000000081d00000, 0x0000000081d00000, 0x0000000081e00000|  0%| F|  |TAMS 0x0000000081d00000, 0x0000000081d00000| Untracked 
|  30|0x0000000081e00000, 0x0000000081e00000, 0x0000000081f00000|  0%| F|  |TAMS 0x0000000081e00000, 0x0000000081e00000| Untracked 
|  31|0x0000000081f00000, 0x0000000081f00000, 0x0000000082000000|  0%| F|  |TAMS 0x0000000081f00000, 0x0000000081f00000| Untracked 
|  32|0x0000000082000000, 0x0000000082000000, 0x0000000082100000|  0%| F|  |TAMS 0x0000000082000000, 0x0000000082000000| Untracked 
|  33|0x0000000082100000, 0x0000000082100000, 0x0000000082200000|  0%| F|  |TAMS 0x0000000082100000, 0x0000000082100000| Untracked 
|  34|0x0000000082200000, 0x0000000082200000, 0x0000000082300000|  0%| F|  |TAMS 0x0000000082200000, 0x0000000082200000| Untracked 
|  35|0x0000000082300000, 0x0000000082300000, 0x0000000082400000|  0%| F|  |TAMS 0x0000000082300000, 0x0000000082300000| Untracked 
|  36|0x0000000082400000, 0x0000000082400000, 0x0000000082500000|  0%| F|  |TAMS 0x0000000082400000, 0x0000000082400000| Untracked 
|  37|0x0000000082500000, 0x0000000082500000, 0x0000000082600000|  0%| F|  |TAMS 0x0000000082500000, 0x0000000082500000| Untracked 
|  38|0x0000000082600000, 0x0000000082600000, 0x0000000082700000|  0%| F|  |TAMS 0x0000000082600000, 0x0000000082600000| Untracked 
|  39|0x0000000082700000, 0x0000000082700000, 0x0000000082800000|  0%| F|  |TAMS 0x0000000082700000, 0x0000000082700000| Untracked 
|  40|0x0000000082800000, 0x0000000082800000, 0x0000000082900000|  0%| F|  |TAMS 0x0000000082800000, 0x0000000082800000| Untracked 
|  41|0x0000000082900000, 0x0000000082900000, 0x0000000082a00000|  0%| F|  |TAMS 0x0000000082900000, 0x0000000082900000| Untracked 
|  42|0x0000000082a00000, 0x0000000082a00000, 0x0000000082b00000|  0%| F|  |TAMS 0x0000000082a00000, 0x0000000082a00000| Untracked 
|  43|0x0000000082b00000, 0x0000000082b00000, 0x0000000082c00000|  0%| F|  |TAMS 0x0000000082b00000, 0x0000000082b00000| Untracked 
|  44|0x0000000082c00000, 0x0000000082c00000, 0x0000000082d00000|  0%| F|  |TAMS 0x0000000082c00000, 0x0000000082c00000| Untracked 
|  45|0x0000000082d00000, 0x0000000082d00000, 0x0000000082e00000|  0%| F|  |TAMS 0x0000000082d00000, 0x0000000082d00000| Untracked 
|  46|0x0000000082e00000, 0x0000000082e00000, 0x0000000082f00000|  0%| F|  |TAMS 0x0000000082e00000, 0x0000000082e00000| Untracked 
|  47|0x0000000082f00000, 0x0000000082f00000, 0x0000000083000000|  0%| F|  |TAMS 0x0000000082f00000, 0x0000000082f00000| Untracked 
|  48|0x0000000083000000, 0x0000000083000000, 0x0000000083100000|  0%| F|  |TAMS 0x0000000083000000, 0x0000000083000000| Untracked 
|  49|0x0000000083100000, 0x0000000083100000, 0x0000000083200000|  0%| F|  |TAMS 0x0000000083100000, 0x0000000083100000| Untracked 
|  50|0x0000000083200000, 0x0000000083200000, 0x0000000083300000|  0%| F|  |TAMS 0x0000000083200000, 0x0000000083200000| Untracked 
|  51|0x0000000083300000, 0x0000000083300000, 0x0000000083400000|  0%| F|  |TAMS 0x0000000083300000, 0x0000000083300000| Untracked 
|  52|0x0000000083400000, 0x0000000083400000, 0x0000000083500000|  0%| F|  |TAMS 0x0000000083400000, 0x0000000083400000| Untracked 
|  53|0x0000000083500000, 0x0000000083500000, 0x0000000083600000|  0%| F|  |TAMS 0x0000000083500000, 0x0000000083500000| Untracked 
|  54|0x0000000083600000, 0x0000000083600000, 0x0000000083700000|  0%| F|  |TAMS 0x0000000083600000, 0x0000000083600000| Untracked 
|  55|0x0000000083700000, 0x0000000083700000, 0x0000000083800000|  0%| F|  |TAMS 0x0000000083700000, 0x0000000083700000| Untracked 
|  56|0x0000000083800000, 0x0000000083800000, 0x0000000083900000|  0%| F|  |TAMS 0x0000000083800000, 0x0000000083800000| Untracked 
|  57|0x0000000083900000, 0x000000008398e9a8, 0x0000000083a00000| 55%| E|  |TAMS 0x0000000083900000, 0x0000000083900000| Complete 
| 454|0x000000009c600000, 0x000000009c6e87f8, 0x000000009c700000| 90%| S|CS|TAMS 0x000000009c600000, 0x000000009c600000| Complete 
| 455|0x000000009c700000, 0x000000009c800000, 0x000000009c800000|100%| S|CS|TAMS 0x000000009c700000, 0x000000009c700000| Complete 
| 456|0x000000009c800000, 0x000000009c900000, 0x000000009c900000|100%| S|CS|TAMS 0x000000009c800000, 0x000000009c800000| Complete 
| 457|0x000000009c900000, 0x000000009ca00000, 0x000000009ca00000|100%| S|CS|TAMS 0x000000009c900000, 0x000000009c900000| Complete 
| 458|0x000000009ca00000, 0x000000009cb00000, 0x000000009cb00000|100%| S|CS|TAMS 0x000000009ca00000, 0x000000009ca00000| Complete 
| 459|0x000000009cb00000, 0x000000009cc00000, 0x000000009cc00000|100%| S|CS|TAMS 0x000000009cb00000, 0x000000009cb00000| Complete 
| 460|0x000000009cc00000, 0x000000009cd00000, 0x000000009cd00000|100%| S|CS|TAMS 0x000000009cc00000, 0x000000009cc00000| Complete 
| 461|0x000000009cd00000, 0x000000009ce00000, 0x000000009ce00000|100%| S|CS|TAMS 0x000000009cd00000, 0x000000009cd00000| Complete 
| 511|0x000000009ff00000, 0x00000000a0000000, 0x00000000a0000000|100%| E|CS|TAMS 0x000000009ff00000, 0x000000009ff00000| Complete 

Card table byte_map: [0x000001a227040000,0x000001a227440000] _byte_map_base: 0x000001a226c40000

Marking Bits (Prev, Next): (CMBitMap*) 0x000001a213f4c2f0, (CMBitMap*) 0x000001a213f4c2b0
 Prev Bits: [0x000001a229840000, 0x000001a22b840000)
 Next Bits: [0x000001a227840000, 0x000001a229840000)

Polling page: 0x000001a211e90000

Metaspace:

Usage:
  Non-class:     18.47 MB used.
      Class:      2.53 MB used.
       Both:     21.00 MB used.

Virtual space:
  Non-class space:       64.00 MB reserved,      18.62 MB ( 29%) committed,  1 nodes.
      Class space:        1.00 GB reserved,       2.62 MB ( <1%) committed,  1 nodes.
             Both:        1.06 GB reserved,      21.25 MB (  2%) committed. 

Chunk freelists:
   Non-Class:  12.80 MB
       Class:  13.41 MB
        Both:  26.21 MB

MaxMetaspaceSize: unlimited
CompressedClassSpaceSize: 1.00 GB
Initial GC threshold: 21.00 MB
Current GC threshold: 35.12 MB
CDS: off
MetaspaceReclaimPolicy: balanced
 - commit_granule_bytes: 65536.
 - commit_granule_words: 8192.
 - virtual_space_node_default_size: 8388608.
 - enlarge_chunks_in_place: 1.
 - new_chunks_are_fully_committed: 0.
 - uncommit_free_chunks: 1.
 - use_allocation_guard: 0.
 - handle_deallocations: 1.


Internal statistics:

num_allocs_failed_limit: 3.
num_arena_births: 150.
num_arena_deaths: 0.
num_vsnodes_births: 2.
num_vsnodes_deaths: 0.
num_space_committed: 340.
num_space_uncommitted: 0.
num_chunks_returned_to_freelist: 3.
num_chunks_taken_from_freelist: 526.
num_chunk_merges: 3.
num_chunk_splits: 350.
num_chunks_enlarged: 272.
num_inconsistent_stats: 0.

CodeHeap 'non-profiled nmethods': size=119168Kb used=1117Kb max_used=1117Kb free=118050Kb
 bounds [0x000001a21ef60000, 0x000001a21f1d0000, 0x000001a2263c0000]
CodeHeap 'profiled nmethods': size=119104Kb used=4548Kb max_used=4548Kb free=114555Kb
 bounds [0x000001a2173c0000, 0x000001a217840000, 0x000001a21e810000]
CodeHeap 'non-nmethods': size=7488Kb used=2901Kb max_used=2916Kb free=4586Kb
 bounds [0x000001a21e810000, 0x000001a21eaf0000, 0x000001a21ef60000]
 total_blobs=2716 nmethods=2200 adapters=425
 compilation: enabled
              stopped_count=0, restarted_count=0
 full_count=0

Compilation events (20 events):
Event: 1.260 Thread 0x000001a234837630 2189       3       jdk.internal.org.objectweb.asm.MethodVisitor::visitVarInsn (17 bytes)
Event: 1.260 Thread 0x000001a22ea6f750 nmethod 2188 0x000001a21782c710 code [0x000001a21782c8c0, 0x000001a21782cad8]
Event: 1.260 Thread 0x000001a22ec08ce0 nmethod 2187 0x000001a21782cb90 code [0x000001a21782cd40, 0x000001a21782cf58]
Event: 1.260 Thread 0x000001a234837630 nmethod 2189 0x000001a21782d010 code [0x000001a21782d1c0, 0x000001a21782d3c8]
Event: 1.260 Thread 0x000001a22ea6f750 2190       3       org.objectweb.asm.SymbolTable::addConstantUtf8 (98 bytes)
Event: 1.260 Thread 0x000001a22ea63790 2191       4       java.util.jar.JarFile::maybeInstantiateVerifier (42 bytes)
Event: 1.260 Thread 0x000001a22ea6f750 nmethod 2190 0x000001a21782d490 code [0x000001a21782d6c0, 0x000001a21782dcb8]
Event: 1.260 Thread 0x000001a22ea63790 nmethod 2191 0x000001a21f075e10 code [0x000001a21f075fa0, 0x000001a21f076088]
Event: 1.261 Thread 0x000001a234837630 2196       3       sun.reflect.generics.tree.ClassTypeSignature::accept (8 bytes)
Event: 1.261 Thread 0x000001a234ad7ba0 2197       3       sun.reflect.generics.visitor.Reifier::visitClassTypeSignature (381 bytes)
Event: 1.261 Thread 0x000001a234837630 nmethod 2196 0x000001a21782e010 code [0x000001a21782e1c0, 0x000001a21782e348]
Event: 1.261 Thread 0x000001a233238d30 2198       4       java.util.ArrayList$Itr::next (66 bytes)
Event: 1.262 Thread 0x000001a233238d30 nmethod 2198 0x000001a21f076d90 code [0x000001a21f076f20, 0x000001a21f077058]
Event: 1.262 Thread 0x000001a234ad7ba0 nmethod 2197 0x000001a21782e490 code [0x000001a21782e8a0, 0x000001a217830448]
Event: 1.263 Thread 0x000001a22ec08ce0 2199       3       org.objectweb.asm.ByteVector::putShort (52 bytes)
Event: 1.263 Thread 0x000001a22ec08ce0 nmethod 2199 0x000001a217830e10 code [0x000001a217830fc0, 0x000001a2178311c8]
Event: 1.263 Thread 0x000001a234837630 2200       1       java.util.concurrent.locks.AbstractQueuedSynchronizer::getState (5 bytes)
Event: 1.264 Thread 0x000001a234ad7ba0 2201       1       java.util.concurrent.locks.AbstractOwnableSynchronizer::getExclusiveOwnerThread (5 bytes)
Event: 1.264 Thread 0x000001a234837630 nmethod 2200 0x000001a21f077190 code [0x000001a21f077320, 0x000001a21f0773f8]
Event: 1.264 Thread 0x000001a234ad7ba0 nmethod 2201 0x000001a21f077490 code [0x000001a21f077620, 0x000001a21f0776f8]

GC Heap History (6 events):
Event: 0.432 GC heap before
{Heap before GC invocations=0 (full 0):
 garbage-first heap   total 524288K, used 28672K [0x0000000080000000, 0x0000000100000000)
  region size 1024K, 25 young (25600K), 0 survivors (0K)
 Metaspace       used 10563K, committed 10752K, reserved 1114112K
  class space    used 1099K, committed 1152K, reserved 1048576K
}
Event: 0.434 GC heap after
{Heap after GC invocations=1 (full 0):
 garbage-first heap   total 524288K, used 10953K [0x0000000080000000, 0x0000000100000000)
  region size 1024K, 4 young (4096K), 4 survivors (4096K)
 Metaspace       used 10563K, committed 10752K, reserved 1114112K
  class space    used 1099K, committed 1152K, reserved 1048576K
}
Event: 0.688 GC heap before
{Heap before GC invocations=1 (full 0):
 garbage-first heap   total 524288K, used 41673K [0x0000000080000000, 0x0000000100000000)
  region size 1024K, 34 young (34816K), 4 survivors (4096K)
 Metaspace       used 11524K, committed 11712K, reserved 1114112K
  class space    used 1199K, committed 1280K, reserved 1048576K
}
Event: 0.689 GC heap after
{Heap after GC invocations=2 (full 0):
 garbage-first heap   total 524288K, used 11428K [0x0000000080000000, 0x0000000100000000)
  region size 1024K, 1 young (1024K), 1 survivors (1024K)
 Metaspace       used 11524K, committed 11712K, reserved 1114112K
  class space    used 1199K, committed 1280K, reserved 1048576K
}
Event: 1.252 GC heap before
{Heap before GC invocations=2 (full 0):
 garbage-first heap   total 524288K, used 60580K [0x0000000080000000, 0x0000000100000000)
  region size 1024K, 50 young (51200K), 1 survivors (1024K)
 Metaspace       used 21329K, committed 21504K, reserved 1114112K
  class space    used 2551K, committed 2624K, reserved 1048576K
}
Event: 1.255 GC heap after
{Heap after GC invocations=3 (full 0):
 garbage-first heap   total 524288K, used 18738K [0x0000000080000000, 0x0000000100000000)
  region size 1024K, 8 young (8192K), 8 survivors (8192K)
 Metaspace       used 21329K, committed 21504K, reserved 1114112K
  class space    used 2551K, committed 2624K, reserved 1048576K
}

Dll operation events (3 events):
Event: 0.004 Loaded shared library C:\Program Files\Android\Android Studio\jbr\bin\java.dll
Event: 0.076 Loaded shared library C:\Program Files\Android\Android Studio\jbr\bin\zip.dll
Event: 0.239 Loaded shared library C:\Program Files\Android\Android Studio\jbr\bin\verify.dll

Deoptimization events (20 events):
Event: 1.128 Thread 0x000001a2352c3ff0 Uncommon trap: trap_request=0xffffff45 fr.pc=0x000001a21ef7dde4 relative=0x0000000000000404
Event: 1.128 Thread 0x000001a2352c3ff0 Uncommon trap: reason=unstable_if action=reinterpret pc=0x000001a21ef7dde4 method=java.util.regex.Matcher.match(II)Z @ 76 c2
Event: 1.128 Thread 0x000001a2352c3ff0 DEOPT PACKING pc=0x000001a21ef7dde4 sp=0x0000009b69ffde10
Event: 1.128 Thread 0x000001a2352c3ff0 DEOPT UNPACKING pc=0x000001a21e8669a3 sp=0x0000009b69ffdde0 mode 2
Event: 1.136 Thread 0x000001a234b15150 Uncommon trap: trap_request=0xffffff45 fr.pc=0x000001a21f049bb4 relative=0x00000000000014d4
Event: 1.136 Thread 0x000001a234b15150 Uncommon trap: reason=unstable_if action=reinterpret pc=0x000001a21f049bb4 method=java.util.concurrent.ConcurrentHashMap.transfer([Ljava/util/concurrent/ConcurrentHashMap$Node;[Ljava/util/concurrent/ConcurrentHashMap$Node;)V @ 26 c2
Event: 1.136 Thread 0x000001a234b15150 DEOPT PACKING pc=0x000001a21f049bb4 sp=0x0000009b69efda00
Event: 1.136 Thread 0x000001a234b15150 DEOPT UNPACKING pc=0x000001a21e8669a3 sp=0x0000009b69efd970 mode 2
Event: 1.145 Thread 0x000001a235795820 Uncommon trap: trap_request=0xffffff45 fr.pc=0x000001a21f015a94 relative=0x00000000000011f4
Event: 1.145 Thread 0x000001a235795820 Uncommon trap: reason=unstable_if action=reinterpret pc=0x000001a21f015a94 method=java.util.concurrent.ConcurrentHashMap.putVal(Ljava/lang/Object;Ljava/lang/Object;Z)Ljava/lang/Object; @ 231 c2
Event: 1.145 Thread 0x000001a235795820 DEOPT PACKING pc=0x000001a21f015a94 sp=0x0000009b6a1fee30
Event: 1.145 Thread 0x000001a235795820 DEOPT UNPACKING pc=0x000001a21e8669a3 sp=0x0000009b6a1feda0 mode 2
Event: 1.214 Thread 0x000001a235795820 Uncommon trap: trap_request=0xffffff45 fr.pc=0x000001a21ef9f730 relative=0x00000000000003f0
Event: 1.214 Thread 0x000001a235795820 Uncommon trap: reason=unstable_if action=reinterpret pc=0x000001a21ef9f730 method=java.util.HashMap.getNode(Ljava/lang/Object;)Ljava/util/HashMap$Node; @ 66 c2
Event: 1.214 Thread 0x000001a235795820 DEOPT PACKING pc=0x000001a21ef9f730 sp=0x0000009b6a1fc4c0
Event: 1.214 Thread 0x000001a235795820 DEOPT UNPACKING pc=0x000001a21e8669a3 sp=0x0000009b6a1fc440 mode 2
Event: 1.220 Thread 0x000001a235795820 Uncommon trap: trap_request=0xffffff45 fr.pc=0x000001a21f0316ec relative=0x00000000000003ac
Event: 1.220 Thread 0x000001a235795820 Uncommon trap: reason=unstable_if action=reinterpret pc=0x000001a21f0316ec method=java.util.concurrent.ConcurrentHashMap.get(Ljava/lang/Object;)Ljava/lang/Object; @ 76 c2
Event: 1.220 Thread 0x000001a235795820 DEOPT PACKING pc=0x000001a21f0316ec sp=0x0000009b6a1fb980
Event: 1.220 Thread 0x000001a235795820 DEOPT UNPACKING pc=0x000001a21e8669a3 sp=0x0000009b6a1fb8f8 mode 2

Classes unloaded (0 events):
No events

Classes redefined (0 events):
No events

Internal exceptions (20 events):
Event: 0.320 Thread 0x000001a213eee230 Exception <a 'java/lang/NoSuchMethodError'{0x000000009eb0dc40}: 'void java.lang.invoke.DelegatingMethodHandle$Holder.delegate(java.lang.Object, java.lang.Object, int, java.lang.Object)'> (0x000000009eb0dc40) 
thrown [s\src\hotspot\share\interpreter\linkResolver.cpp, line 771]
Event: 0.320 Thread 0x000001a213eee230 Exception <a 'java/lang/NoSuchMethodError'{0x000000009eb11c78}: 'int java.lang.invoke.DirectMethodHandle$Holder.invokeSpecial(java.lang.Object, java.lang.Object, java.lang.Object)'> (0x000000009eb11c78) 
thrown [s\src\hotspot\share\interpreter\linkResolver.cpp, line 771]
Event: 0.323 Thread 0x000001a213eee230 Exception <a 'java/lang/NoSuchMethodError'{0x000000009eb25550}: 'java.lang.Object java.lang.invoke.Invokers$Holder.invokeExact_MT(java.lang.Object, java.lang.Object, java.lang.Object, java.lang.Object)'> (0x000000009eb25550) 
thrown [s\src\hotspot\share\interpreter\linkResolver.cpp, line 771]
Event: 0.403 Thread 0x000001a213eee230 Exception <a 'java/lang/NoSuchMethodError'{0x000000009e9f4c28}: 'int java.lang.invoke.DirectMethodHandle$Holder.invokeStatic(java.lang.Object)'> (0x000000009e9f4c28) 
thrown [s\src\hotspot\share\interpreter\linkResolver.cpp, line 771]
Event: 0.403 Thread 0x000001a213eee230 Exception <a 'java/lang/NoSuchMethodError'{0x000000009e9f80d8}: 'int java.lang.invoke.DirectMethodHandle$Holder.invokeStaticInit(java.lang.Object)'> (0x000000009e9f80d8) 
thrown [s\src\hotspot\share\interpreter\linkResolver.cpp, line 771]
Event: 0.493 Thread 0x000001a213eee230 Exception <a 'java/lang/NoSuchMethodError'{0x000000009fa202a8}: 'void java.lang.invoke.DirectMethodHandle$Holder.invokeInterface(java.lang.Object, java.lang.Object, java.lang.Object)'> (0x000000009fa202a8) 
thrown [s\src\hotspot\share\interpreter\linkResolver.cpp, line 771]
Event: 0.880 Thread 0x000001a213eee230 Exception <a 'java/lang/NoSuchMethodError'{0x000000009ea4f770}: 'java.lang.Object java.lang.invoke.DirectMethodHandle$Holder.invokeStaticInit(java.lang.Object)'> (0x000000009ea4f770) 
thrown [s\src\hotspot\share\interpreter\linkResolver.cpp, line 771]
Event: 0.893 Thread 0x000001a213eee230 Exception <a 'java/lang/NoSuchMethodError'{0x000000009ead83f8}: 'java.lang.Object java.lang.invoke.DirectMethodHandle$Holder.invokeInterface(java.lang.Object, java.lang.Object)'> (0x000000009ead83f8) 
thrown [s\src\hotspot\share\interpreter\linkResolver.cpp, line 771]
Event: 0.974 Thread 0x000001a213eee230 Exception <a 'java/lang/NoSuchMethodError'{0x000000009e323f58}: 'java.lang.Object java.lang.invoke.DirectMethodHandle$Holder.invokeStaticInit(java.lang.Object, int, int, int, int)'> (0x000000009e323f58) 
thrown [s\src\hotspot\share\interpreter\linkResolver.cpp, line 771]
Event: 1.005 Thread 0x000001a213eee230 Exception <a 'java/lang/NoSuchMethodError'{0x000000009e232020}: 'java.lang.Object java.lang.invoke.DirectMethodHandle$Holder.invokeStaticInit(java.lang.Object, java.lang.Object, int, int, int, int)'> (0x000000009e232020) 
thrown [s\src\hotspot\share\interpreter\linkResolver.cpp, line 771]
Event: 1.074 Thread 0x000001a213eee230 Exception <a 'java/lang/NoSuchMethodError'{0x000000009e18b390}: 'void java.lang.invoke.DirectMethodHandle$Holder.invokeStatic(java.lang.Object, java.lang.Object, java.lang.Object)'> (0x000000009e18b390) 
thrown [s\src\hotspot\share\interpreter\linkResolver.cpp, line 771]
Event: 1.085 Thread 0x000001a213eee230 Exception <a 'java/io/IOException'{0x000000009e0540f0}> (0x000000009e0540f0) 
thrown [s\src\hotspot\share\prims\jni.cpp, line 517]
Event: 1.171 Thread 0x000001a235795820 Exception <a 'java/lang/NoSuchMethodError'{0x000000009d7a4ac8}: 'long java.lang.invoke.DirectMethodHandle$Holder.invokeInterface(java.lang.Object, java.lang.Object)'> (0x000000009d7a4ac8) 
thrown [s\src\hotspot\share\interpreter\linkResolver.cpp, line 771]
Event: 1.174 Thread 0x000001a235795820 Exception <a 'java/lang/NoSuchMethodError'{0x000000009d7dfab0}: 'java.lang.Object java.lang.invoke.DirectMethodHandle$Holder.invokeVirtual(java.lang.Object, java.lang.Object, java.lang.Object)'> (0x000000009d7dfab0) 
thrown [s\src\hotspot\share\interpreter\linkResolver.cpp, line 771]
Event: 1.203 Thread 0x000001a235795820 Exception <a 'java/lang/NoSuchMethodError'{0x000000009d396f70}: 'void java.lang.invoke.DirectMethodHandle$Holder.invokeStatic(java.lang.Object, java.lang.Object)'> (0x000000009d396f70) 
thrown [s\src\hotspot\share\interpreter\linkResolver.cpp, line 771]
Event: 1.218 Thread 0x000001a235795820 Exception <a 'java/lang/NoSuchMethodError'{0x000000009d151ec0}: 'java.lang.Object java.lang.invoke.DirectMethodHandle$Holder.newInvokeSpecial(java.lang.Object, java.lang.Object, java.lang.Object, java.lang.Object, java.lang.Object)'> (0x000000009d151ec0) 
thrown [s\src\hotspot\share\interpreter\linkResolver.cpp, line 771]
Event: 1.234 Thread 0x000001a235795820 Exception <a 'java/lang/NoSuchMethodError'{0x000000009cf7b2c8}: 'void java.lang.invoke.DirectMethodHandle$Holder.invokeSpecial(java.lang.Object, java.lang.Object, java.lang.Object)'> (0x000000009cf7b2c8) 
thrown [s\src\hotspot\share\interpreter\linkResolver.cpp, line 771]
Event: 1.244 Thread 0x000001a235795820 Exception <a 'java/lang/NoSuchMethodError'{0x000000009ce278e8}: 'java.lang.Object java.lang.invoke.DirectMethodHandle$Holder.newInvokeSpecial(java.lang.Object, java.lang.Object, java.lang.Object, java.lang.Object, java.lang.Object, java.lang.Object)'> (0x000000009ce278e8) 
thrown [s\src\hotspot\share\interpreter\linkResolver.cpp, line 771]
Event: 1.245 Thread 0x000001a235795820 Exception <a 'java/lang/NoSuchMethodError'{0x000000009ce3f3f0}: 'void java.lang.invoke.DirectMethodHandle$Holder.invokeSpecial(java.lang.Object, java.lang.Object, java.lang.Object, java.lang.Object, java.lang.Object)'> (0x000000009ce3f3f0) 
thrown [s\src\hotspot\share\interpreter\linkResolver.cpp, line 771]
Event: 1.246 Thread 0x000001a235795820 Exception <a 'java/lang/NoSuchMethodError'{0x000000009ce53210}: 'void java.lang.invoke.DirectMethodHandle$Holder.invokeStaticInit(java.lang.Object, java.lang.Object)'> (0x000000009ce53210) 
thrown [s\src\hotspot\share\interpreter\linkResolver.cpp, line 771]

VM Operations (20 events):
Event: 0.891 Executing VM operation: HandshakeAllThreads
Event: 0.891 Executing VM operation: HandshakeAllThreads done
Event: 0.931 Executing VM operation: HandshakeAllThreads
Event: 0.931 Executing VM operation: HandshakeAllThreads done
Event: 0.967 Executing VM operation: HandshakeAllThreads
Event: 0.967 Executing VM operation: HandshakeAllThreads done
Event: 1.000 Executing VM operation: HandshakeAllThreads
Event: 1.000 Executing VM operation: HandshakeAllThreads done
Event: 1.073 Executing VM operation: HandshakeAllThreads
Event: 1.073 Executing VM operation: HandshakeAllThreads done
Event: 1.097 Executing VM operation: HandshakeAllThreads
Event: 1.097 Executing VM operation: HandshakeAllThreads done
Event: 1.170 Executing VM operation: ICBufferFull
Event: 1.170 Executing VM operation: ICBufferFull done
Event: 1.252 Executing VM operation: CollectForMetadataAllocation
Event: 1.255 Executing VM operation: CollectForMetadataAllocation done
Event: 1.257 Executing VM operation: G1PauseRemark
Event: 1.258 Executing VM operation: G1PauseRemark done
Event: 1.259 Executing VM operation: G1PauseCleanup
Event: 1.259 Executing VM operation: G1PauseCleanup done

Events (20 events):
Event: 1.220 loading class jdk/internal/vm/annotation/IntrinsicCandidate
Event: 1.220 loading class jdk/internal/vm/annotation/IntrinsicCandidate done
Event: 1.221 loading class java/util/stream/MatchOps$MatchKind
Event: 1.221 loading class java/util/stream/MatchOps$MatchKind done
Event: 1.221 loading class java/util/stream/MatchOps
Event: 1.221 loading class java/util/stream/MatchOps done
Event: 1.221 loading class java/util/stream/MatchOps$MatchOp
Event: 1.221 loading class java/util/stream/MatchOps$MatchOp done
Event: 1.221 loading class java/util/stream/MatchOps$BooleanTerminalSink
Event: 1.221 loading class java/util/stream/MatchOps$BooleanTerminalSink done
Event: 1.222 loading class java/util/stream/MatchOps$1MatchSink
Event: 1.222 loading class java/util/stream/MatchOps$1MatchSink done
Event: 1.249 loading class java/lang/invoke/MethodHandle$1
Event: 1.249 loading class java/lang/invoke/MethodHandle$1 done
Event: 1.256 loading class java/util/ConcurrentModificationException
Event: 1.256 loading class java/util/ConcurrentModificationException done
Event: 1.267 loading class sun/reflect/generics/scope/ConstructorScope
Event: 1.267 loading class sun/reflect/generics/scope/ConstructorScope done
Event: 1.267 loading class sun/reflect/generics/tree/VoidDescriptor
Event: 1.267 loading class sun/reflect/generics/tree/VoidDescriptor done


Dynamic libraries:
0x00007ff68afe0000 - 0x00007ff68afea000 	C:\Program Files\Android\Android Studio\jbr\bin\java.exe
0x00007ff877110000 - 0x00007ff877327000 	C:\Windows\SYSTEM32\ntdll.dll
0x00007ff875550000 - 0x00007ff875614000 	C:\Windows\System32\KERNEL32.DLL
0x00007ff874870000 - 0x00007ff874c1c000 	C:\Windows\System32\KERNELBASE.dll
0x00007ff874c90000 - 0x00007ff874da1000 	C:\Windows\System32\ucrtbase.dll
0x00007ff850100000 - 0x00007ff850117000 	C:\Program Files\Android\Android Studio\jbr\bin\jli.dll
0x00007ff86f6c0000 - 0x00007ff86f6db000 	C:\Program Files\Android\Android Studio\jbr\bin\VCRUNTIME140.dll
0x00007ff876f20000 - 0x00007ff8770ce000 	C:\Windows\System32\USER32.dll
0x00007ff874840000 - 0x00007ff874866000 	C:\Windows\System32\win32u.dll
0x00007ff873950000 - 0x00007ff873be3000 	C:\Windows\WinSxS\amd64_microsoft.windows.common-controls_6595b64144ccf1df_6.0.22621.3672_none_2713b9d173822955\COMCTL32.dll
0x00007ff875900000 - 0x00007ff875929000 	C:\Windows\System32\GDI32.dll
0x00007ff8745b0000 - 0x00007ff8746c9000 	C:\Windows\System32\gdi32full.dll
0x00007ff875730000 - 0x00007ff8757d7000 	C:\Windows\System32\msvcrt.dll
0x00007ff874db0000 - 0x00007ff874e4a000 	C:\Windows\System32\msvcp_win.dll
0x00007ff876ee0000 - 0x00007ff876f11000 	C:\Windows\System32\IMM32.DLL
0x00007ff86f6b0000 - 0x00007ff86f6bc000 	C:\Program Files\Android\Android Studio\jbr\bin\vcruntime140_1.dll
0x00007fffadcc0000 - 0x00007fffadd4d000 	C:\Program Files\Android\Android Studio\jbr\bin\msvcp140.dll
0x00007fffe9090000 - 0x00007fffe9d13000 	C:\Program Files\Android\Android Studio\jbr\bin\server\jvm.dll
0x00007ff876dc0000 - 0x00007ff876e72000 	C:\Windows\System32\ADVAPI32.dll
0x00007ff876470000 - 0x00007ff87651a000 	C:\Windows\System32\sechost.dll
0x00007ff874500000 - 0x00007ff874528000 	C:\Windows\System32\bcrypt.dll
0x00007ff8762d0000 - 0x00007ff8763e5000 	C:\Windows\System32\RPCRT4.dll
0x00007ff86dfa0000 - 0x00007ff86dfa9000 	C:\Windows\SYSTEM32\WSOCK32.dll
0x00007ff873d40000 - 0x00007ff873d8d000 	C:\Windows\SYSTEM32\POWRPROF.dll
0x00007ff86fef0000 - 0x00007ff86ff24000 	C:\Windows\SYSTEM32\WINMM.dll
0x00007ff8754d0000 - 0x00007ff875541000 	C:\Windows\System32\WS2_32.dll
0x00007ff8703f0000 - 0x00007ff8703fa000 	C:\Windows\SYSTEM32\VERSION.dll
0x00007ff873c10000 - 0x00007ff873c23000 	C:\Windows\SYSTEM32\UMPDC.dll
0x00007ff872510000 - 0x00007ff872528000 	C:\Windows\SYSTEM32\kernel.appcore.dll
0x00007ff873c90000 - 0x00007ff873c9a000 	C:\Program Files\Android\Android Studio\jbr\bin\jimage.dll
0x00007ff873d90000 - 0x00007ff873fc2000 	C:\Windows\SYSTEM32\DBGHELP.DLL
0x00007ff874e50000 - 0x00007ff8751d8000 	C:\Windows\System32\combase.dll
0x00007ff875930000 - 0x00007ff875a07000 	C:\Windows\System32\OLEAUT32.dll
0x00007ff873c30000 - 0x00007ff873c62000 	C:\Windows\SYSTEM32\dbgcore.DLL
0x00007ff874530000 - 0x00007ff8745ab000 	C:\Windows\System32\bcryptPrimitives.dll
0x00007ff857910000 - 0x00007ff85791e000 	C:\Program Files\Android\Android Studio\jbr\bin\instrument.dll
0x00007ff85ae30000 - 0x00007ff85ae55000 	C:\Program Files\Android\Android Studio\jbr\bin\java.dll
0x00007ff870090000 - 0x00007ff8700a8000 	C:\Program Files\Android\Android Studio\jbr\bin\zip.dll
0x00007ff875a10000 - 0x00007ff87626c000 	C:\Windows\System32\SHELL32.dll
0x00007ff871420000 - 0x00007ff871d17000 	C:\Windows\SYSTEM32\windows.storage.dll
0x00007ff8712e0000 - 0x00007ff87141f000 	C:\Windows\SYSTEM32\wintypes.dll
0x00007ff875630000 - 0x00007ff875724000 	C:\Windows\System32\SHCORE.dll
0x00007ff875380000 - 0x00007ff8753de000 	C:\Windows\System32\shlwapi.dll
0x00007ff874370000 - 0x00007ff874391000 	C:\Windows\SYSTEM32\profapi.dll
0x00007ff85ae10000 - 0x00007ff85ae29000 	C:\Program Files\Android\Android Studio\jbr\bin\net.dll
0x00007ff86ff30000 - 0x00007ff870066000 	C:\Windows\SYSTEM32\WINHTTP.dll
0x00007ff872930000 - 0x00007ff872999000 	C:\Windows\system32\mswsock.dll
0x00007ff85a390000 - 0x00007ff85a3a6000 	C:\Program Files\Android\Android Studio\jbr\bin\nio.dll
0x00007ff873c80000 - 0x00007ff873c90000 	C:\Program Files\Android\Android Studio\jbr\bin\verify.dll
0x00007ff86f6e0000 - 0x00007ff86f707000 	C:\Users\Daniel\.gradle\native\c067742578af261105cb4f569cf0c3c89f3d7b1fecec35dd04571415982c5e48\windows-amd64\native-platform.dll
0x00007fffad820000 - 0x00007fffad964000 	C:\Users\Daniel\.gradle\native\38dada09dfb8b06ba9b0570ebf7e218e3eb74d4ef43ca46872605cf95ebc2f47\windows-amd64\native-platform-file-events.dll
0x00007ff85a380000 - 0x00007ff85a389000 	C:\Program Files\Android\Android Studio\jbr\bin\management.dll
0x00007ff85a370000 - 0x00007ff85a37b000 	C:\Program Files\Android\Android Studio\jbr\bin\management_ext.dll
0x00007ff8753e0000 - 0x00007ff8753e8000 	C:\Windows\System32\PSAPI.DLL
0x00007ff8740d0000 - 0x00007ff8740eb000 	C:\Windows\SYSTEM32\CRYPTSP.dll
0x00007ff872470000 - 0x00007ff8724a5000 	C:\Windows\system32\rsaenh.dll
0x00007ff8729d0000 - 0x00007ff8729f8000 	C:\Windows\SYSTEM32\USERENV.dll
0x00007ff873500000 - 0x00007ff87350c000 	C:\Windows\SYSTEM32\CRYPTBASE.dll
0x00007ff871f80000 - 0x00007ff871fad000 	C:\Windows\SYSTEM32\IPHLPAPI.DLL
0x00007ff8758e0000 - 0x00007ff8758e9000 	C:\Windows\System32\NSI.dll
0x00007ff86eba0000 - 0x00007ff86ebb9000 	C:\Windows\SYSTEM32\dhcpcsvc6.DLL
0x00007ff86e900000 - 0x00007ff86e91f000 	C:\Windows\SYSTEM32\dhcpcsvc.DLL
0x00007ff871ff0000 - 0x00007ff8720e8000 	C:\Windows\SYSTEM32\DNSAPI.dll
0x00007ff85ae00000 - 0x00007ff85ae09000 	C:\Program Files\Android\Android Studio\jbr\bin\extnet.dll
0x00007ff85b2d0000 - 0x00007ff85b2d8000 	C:\Windows\system32\wshunix.dll

dbghelp: loaded successfully - version: 4.0.5 - missing functions: none
symbol engine: initialized successfully - sym options: 0x614 - pdb path: .;C:\Program Files\Android\Android Studio\jbr\bin;C:\Windows\SYSTEM32;C:\Windows\WinSxS\amd64_microsoft.windows.common-controls_6595b64144ccf1df_6.0.22621.3672_none_2713b9d173822955;C:\Program Files\Android\Android Studio\jbr\bin\server;C:\Users\Daniel\.gradle\native\c067742578af261105cb4f569cf0c3c89f3d7b1fecec35dd04571415982c5e48\windows-amd64;C:\Users\Daniel\.gradle\native\38dada09dfb8b06ba9b0570ebf7e218e3eb74d4ef43ca46872605cf95ebc2f47\windows-amd64

VM Arguments:
jvm_args: --add-opens=java.base/java.util=ALL-UNNAMED --add-opens=java.base/java.lang=ALL-UNNAMED --add-opens=java.base/java.lang.invoke=ALL-UNNAMED --add-opens=java.prefs/java.util.prefs=ALL-UNNAMED --add-opens=java.base/java.nio.charset=ALL-UNNAMED --add-opens=java.base/java.net=ALL-UNNAMED --add-opens=java.base/java.util.concurrent.atomic=ALL-UNNAMED -Xmx2048m -Dfile.encoding=UTF-8 -Duser.country=MX -Duser.language=es -Duser.variant -javaagent:C:\Users\Daniel\.gradle\wrapper\dists\gradle-8.6-bin\afr5mpiioh2wthjmwnkmdsd5w\gradle-8.6\lib\agents\gradle-instrumentation-agent-8.6.jar 
java_command: org.gradle.launcher.daemon.bootstrap.GradleDaemon 8.6
java_class_path (initial): C:\Users\Daniel\.gradle\wrapper\dists\gradle-8.6-bin\afr5mpiioh2wthjmwnkmdsd5w\gradle-8.6\lib\gradle-launcher-8.6.jar
Launcher Type: SUN_STANDARD

[Global flags]
     intx CICompilerCount                          = 12                                        {product} {ergonomic}
     uint ConcGCThreads                            = 3                                         {product} {ergonomic}
     uint G1ConcRefinementThreads                  = 13                                        {product} {ergonomic}
   size_t G1HeapRegionSize                         = 1048576                                   {product} {ergonomic}
    uintx GCDrainStackTargetSize                   = 64                                        {product} {ergonomic}
   size_t InitialHeapSize                          = 536870912                                 {product} {ergonomic}
   size_t MarkStackSize                            = 4194304                                   {product} {ergonomic}
   size_t MaxHeapSize                              = 2147483648                                {product} {command line}
   size_t MaxNewSize                               = 1287651328                                {product} {ergonomic}
   size_t MinHeapDeltaBytes                        = 1048576                                   {product} {ergonomic}
   size_t MinHeapSize                              = 8388608                                   {product} {ergonomic}
    uintx NonNMethodCodeHeapSize                   = 7602480                                {pd product} {ergonomic}
    uintx NonProfiledCodeHeapSize                  = 122027880                              {pd product} {ergonomic}
    uintx ProfiledCodeHeapSize                     = 122027880                              {pd product} {ergonomic}
    uintx ReservedCodeCacheSize                    = 251658240                              {pd product} {ergonomic}
     bool SegmentedCodeCache                       = true                                      {product} {ergonomic}
   size_t SoftMaxHeapSize                          = 2147483648                             {manageable} {ergonomic}
     bool UseCompressedClassPointers               = true                           {product lp64_product} {ergonomic}
     bool UseCompressedOops                        = true                           {product lp64_product} {ergonomic}
     bool UseG1GC                                  = true                                      {product} {ergonomic}
     bool UseLargePagesIndividualAllocation        = false                                  {pd product} {ergonomic}

Logging:
Log output configuration:
 #0: stdout all=warning uptime,level,tags
 #1: stderr all=off uptime,level,tags

Environment Variables:
JAVA_HOME=C:\Program Files\Java\jdk-21
PATH=C:\Program Files\Common Files\Oracle\Java\javapath;C:\Program Files (x86)\Common Files\Oracle\Java\java8path;C:\Program Files (x86)\Common Files\Oracle\Java\javapath;C:\Python312\Scripts\;C:\Python312\;C:\Windows\system32;C:\Windows;C:\Windows\System32\Wbem;C:\Windows\System32\WindowsPowerShell\v1.0\;C:\Windows\System32\OpenSSH\;C:\Program Files\dotnet\;C:\Program Files\Microsoft SQL Server\150\Tools\Binn\;C:\Program Files\Microsoft SQL Server\Client SDK\ODBC\170\Tools\Binn\;C:\Program Files (x86)\NVIDIA Corporation\PhysX\Common;C:\Program Files\NVIDIA Corporation\NVIDIA NvDLISR;C:\Program Files (x86)\Microsoft SQL Server\160\Tools\Binn\;C:\Program Files\Microsoft SQL Server\160\Tools\Binn\;C:\Program Files\Microsoft SQL Server\160\DTS\Binn\;C:\Program Files (x86)\Microsoft SQL Server\160\DTS\Binn\;C:\Program Files\Azure Data Studio\bin;C:\Program Files\MySQL\MySQL Server 8.4\bin;C:\Program Files\Java\jre-1.8\bin;C:\Program Files\nodejs\;C:\ProgramData\chocolatey\bin;C:\msys64\mingw64\bin;C:\Program Files\PowerShell\7\;C:\Program Files\Microsoft SQL Server Migration Assistant for MySQL\bin\;C:\Program Files\Git\cmd;C:\Users\Daniel\AppData\Local\Microsoft\WindowsApps;C:\Users\Daniel\AppData\Local\Programs\Microsoft VS Code\bin;C:\Users\Daniel\.dotnet\tools;C:\Program Files\JetBrains\IntelliJ IDEA 2023.3.3\bin;;C:\Program Files\Azure Data Studio\bin;C:\Users\Daniel\AppData\Roaming\npm;C:\Program Files\Java\jdk-21;C:\Program Files\JetBrains\IntelliJ IDEA Community Edition 2023.3.4\bin;;
USERNAME=Daniel
OS=Windows_NT
PROCESSOR_IDENTIFIER=AMD64 Family 25 Model 33 Stepping 0, AuthenticAMD
TMP=C:\Users\Daniel\AppData\Local\Temp
TEMP=C:\Users\Daniel\AppData\Local\Temp



Periodic native trim disabled

JNI global refs:
JNI global refs: 31, weak refs: 0

JNI global refs memory usage: 843, weak refs: 841

OOME stack traces (most recent first):
Classloader memory used:
Loader bootstrap                                                                       : 1787K
Loader org.gradle.internal.classloader.VisitableURLClassLoader                         : 823K
Loader org.gradle.initialization.MixInLegacyTypesClassLoader                           : 31068B
Loader jdk.internal.loader.ClassLoaders$AppClassLoader                                 : 28739B
Loader jdk.internal.loader.ClassLoaders$PlatformClassLoader                            : 18190B
Loader jdk.internal.reflect.DelegatingClassLoader                                      : 871B

Classes loaded by more than one classloader:
Class org.gradle.internal.installation.GradleInstallation                             : loaded 2 times (x 73B)
Class org.gradle.internal.classpath.ClassPath                                         : loaded 2 times (x 68B)
Class org.gradle.api.internal.classpath.DefaultModuleRegistry                         : loaded 2 times (x 84B)
Class org.gradle.api.Action                                                           : loaded 2 times (x 68B)
Class org.gradle.api.internal.DefaultClassPathProvider                                : loaded 2 times (x 74B)
Class org.gradle.internal.installation.GradleInstallation$1                           : loaded 2 times (x 73B)
Class org.gradle.internal.classloader.FilteringClassLoader                            : loaded 2 times (x 103B)
Class org.gradle.internal.classpath.DefaultClassPath$ImmutableUniqueList$Builder      : loaded 2 times (x 73B)
Class org.gradle.internal.classloader.ClassLoaderVisitor                              : loaded 2 times (x 74B)
Class org.gradle.internal.service.DefaultServiceLocator                               : loaded 2 times (x 81B)
Class org.gradle.internal.service.UnknownServiceException                             : loaded 2 times (x 81B)
Class org.gradle.internal.classloader.VisitableURLClassLoader$Spec                    : loaded 2 times (x 72B)
Class org.gradle.api.GradleException                                                  : loaded 2 times (x 80B)
Class org.gradle.api.internal.classpath.ModuleRegistry                                : loaded 2 times (x 68B)
Class org.gradle.api.internal.ClassPathProvider                                       : loaded 2 times (x 68B)
Class org.gradle.internal.classloader.ClasspathUtil$1                                 : loaded 2 times (x 74B)
Class org.gradle.internal.classloader.ClassLoaderFactory                              : loaded 2 times (x 68B)
Class org.gradle.api.internal.classpath.ManifestUtil                                  : loaded 2 times (x 69B)
Class org.gradle.api.specs.Spec                                                       : loaded 2 times (x 68B)
Class org.gradle.internal.IoActions                                                   : loaded 2 times (x 69B)
Class org.gradle.api.internal.classpath.EffectiveClassPath                            : loaded 2 times (x 88B)
Class org.gradle.internal.installation.CurrentGradleInstallation                      : loaded 2 times (x 71B)
Class org.gradle.internal.agents.InstrumentingClassLoader                             : loaded 2 times (x 68B)
Class org.gradle.internal.installation.CurrentGradleInstallationLocator               : loaded 2 times (x 69B)
Class org.gradle.api.internal.classpath.Module                                        : loaded 2 times (x 68B)
Class org.gradle.internal.service.CachingServiceLocator                               : loaded 2 times (x 80B)
Class org.gradle.internal.classpath.DefaultClassPath                                  : loaded 2 times (x 88B)
Class org.gradle.internal.classloader.SystemClassLoaderSpec                           : loaded 2 times (x 69B)
Class org.gradle.api.UncheckedIOException                                             : loaded 2 times (x 80B)
Class org.gradle.internal.classloader.ClasspathUtil                                   : loaded 2 times (x 69B)
Class org.gradle.api.internal.DefaultClassPathRegistry                                : loaded 2 times (x 74B)
Class org.gradle.api.internal.classpath.DefaultModuleRegistry$DefaultModule           : loaded 2 times (x 84B)
Class org.gradle.api.internal.classpath.UnknownModuleException                        : loaded 2 times (x 80B)
Class org.gradle.internal.service.ServiceLookupException                              : loaded 2 times (x 80B)
Class org.gradle.cache.GlobalCache                                                    : loaded 2 times (x 68B)
Class [Lorg.gradle.api.internal.ClassPathProvider;                                    : loaded 2 times (x 67B)
Class org.gradle.util.internal.GUtil                                                  : loaded 2 times (x 69B)
Class org.gradle.internal.classloader.ClassLoaderSpec                                 : loaded 2 times (x 69B)
Class org.gradle.internal.classloader.VisitableURLClassLoader                         : loaded 2 times (x 115B)
Class org.gradle.internal.Cast                                                        : loaded 2 times (x 69B)
Class org.gradle.api.internal.ClassPathRegistry                                       : loaded 2 times (x 68B)
Class org.gradle.internal.classloader.VisitableURLClassLoader$InstrumentingVisitableURLClassLoader: loaded 2 times (x 121B)
Class org.gradle.internal.classloader.ClassLoaderHierarchy                            : loaded 2 times (x 68B)
Class org.gradle.internal.InternalTransformer                                         : loaded 2 times (x 68B)
Class org.gradle.internal.service.ServiceLocator                                      : loaded 2 times (x 68B)
Class org.gradle.internal.classpath.DefaultClassPath$ImmutableUniqueList              : loaded 2 times (x 159B)
Class org.gradle.internal.classpath.TransformedClassPath                              : loaded 2 times (x 94B)


---------------  S Y S T E M  ---------------

OS:
 Windows 11 , 64 bit Build 22621 (10.0.22621.3672)
OS uptime: 0 days 0:11 hours
Hyper-V role detected

CPU: total 16 (initial active 16) (16 cores per cpu, 2 threads per core) family 25 model 33 stepping 0 microcode 0x0, cx8, cmov, fxsr, ht, mmx, 3dnowpref, sse, sse2, sse3, ssse3, sse4a, sse4.1, sse4.2, popcnt, lzcnt, tsc, tscinvbit, avx, avx2, aes, erms, clmul, bmi1, bmi2, adx, sha, fma, vzeroupper, clflush, clflushopt, hv
Processor Information for all 16 processors :
  Max Mhz: 3801, Current Mhz: 3801, Mhz Limit: 3801

Memory: 4k page, system-wide physical 32676M (15112M free)
TotalPageFile size 43940M (AvailPageFile size 21831M)
current process WorkingSet (physical memory assigned to process): 173M, peak: 174M
current process commit charge ("private bytes"): 282M, peak: 682M

vm_info: OpenJDK 64-Bit Server VM (17.0.10+0--11572160) for windows-amd64 JRE (17.0.10+0--11572160), built on Mar 13 2024 23:56:38 by "androidbuild" with MS VC++ 16.10 / 16.11 (VS2019)

END.
